Log file open, 10/23/19 18:22:35
LogWindows: Failed to load 'aqProf.dll' (GetLastError=126)
LogWindows: File 'aqProf.dll' does not exist
LogWindows: Failed to load 'VtuneApi.dll' (GetLastError=126)
LogWindows: File 'VtuneApi.dll' does not exist
LogWindows: Failed to load 'VtuneApi32e.dll' (GetLastError=126)
LogWindows: File 'VtuneApi32e.dll' does not exist
LogConsoleResponse: Display: Failed to find resolution value strings in scalability ini. Falling back to default.
LogInit: Display: Running engine for game: Assignment
LogPlatformFile: Not using cached read wrapper
LogTaskGraph: Started task graph with 5 named threads and 23 total threads with 3 sets of task threads.
LogStats: Stats thread started at 0.079019
LogD3D11RHI: Loaded GFSDK_Aftermath_Lib.x64.dll
LogICUInternationalization: ICU TimeZone Detection - Raw Offset: +1:00, Platform Override: ''
LogPluginManager: Mounting plugin Paper2D
LogPluginManager: Mounting plugin AISupport
LogPluginManager: Mounting plugin LightPropagationVolume
LogPluginManager: Mounting plugin ActorLayerUtilities
LogPluginManager: Mounting plugin AnimationSharing
LogPluginManager: Mounting plugin CLionSourceCodeAccess
LogPluginManager: Mounting plugin CodeLiteSourceCodeAccess
LogPluginManager: Mounting plugin GitSourceControl
LogPluginManager: Mounting plugin KDevelopSourceCodeAccess
LogPluginManager: Mounting plugin NullSourceCodeAccess
LogPluginManager: Mounting plugin PerforceSourceControl
LogPluginManager: Mounting plugin SubversionSourceControl
LogPluginManager: Mounting plugin UObjectPlugin
LogPluginManager: Mounting plugin VisualStudioCodeSourceCodeAccess
LogPluginManager: Mounting plugin VisualStudioSourceCodeAccess
LogPluginManager: Mounting plugin XCodeSourceCodeAccess
LogPluginManager: Mounting plugin AssetManagerEditor
LogPluginManager: Mounting plugin CryptoKeys
LogPluginManager: Mounting plugin CurveEditorTools
LogPluginManager: Mounting plugin DataValidation
LogPluginManager: Mounting plugin FacialAnimation
LogPluginManager: Mounting plugin GameplayTagsEditor
LogPluginManager: Mounting plugin MacGraphicsSwitching
LogPluginManager: Mounting plugin MaterialAnalyzer
LogPluginManager: Mounting plugin MobileLauncherProfileWizard
LogPluginManager: Mounting plugin PluginBrowser
LogPluginManager: Mounting plugin SpeedTreeImporter
LogPluginManager: Mounting plugin DatasmithContent
LogPluginManager: Mounting plugin VariantManagerContent
LogPluginManager: Mounting plugin AlembicImporter
LogPluginManager: Mounting plugin AutomationUtils
LogPluginManager: Mounting plugin BackChannel
LogPluginManager: Mounting plugin CharacterAI
LogPluginManager: Mounting plugin GeometryCache
LogPluginManager: Mounting plugin HTML5Networking
LogPluginManager: Mounting plugin PlatformCrypto
LogPluginManager: Mounting plugin ProxyLODPlugin
LogPluginManager: Mounting plugin SkeletalReduction
LogPluginManager: Mounting plugin MagicLeap
LogPluginManager: Mounting plugin MagicLeapMedia
LogPluginManager: Mounting plugin AndroidMedia
LogPluginManager: Mounting plugin AvfMedia
LogPluginManager: Mounting plugin ImgMedia
LogPluginManager: Mounting plugin MediaCompositing
LogPluginManager: Mounting plugin MediaPlayerEditor
LogPluginManager: Mounting plugin WebMMedia
LogPluginManager: Mounting plugin WmfMedia
LogPluginManager: Mounting plugin TcpMessaging
LogPluginManager: Mounting plugin UdpMessaging
LogPluginManager: Mounting plugin ActorSequence
LogPluginManager: Mounting plugin LevelSequenceEditor
LogPluginManager: Mounting plugin MatineeToLevelSequence
LogPluginManager: Mounting plugin NetcodeUnitTest
LogPluginManager: Mounting plugin NUTUnrealEngine4
LogPluginManager: Mounting plugin OnlineSubsystemGooglePlay
LogPluginManager: Mounting plugin OnlineSubsystemIOS
LogPluginManager: Mounting plugin OnlineSubsystem
LogPluginManager: Mounting plugin OnlineSubsystemNull
LogPluginManager: Mounting plugin OnlineSubsystemUtils
LogPluginManager: Mounting plugin LauncherChunkInstaller
LogPluginManager: Mounting plugin AndroidDeviceProfileSelector
LogPluginManager: Mounting plugin AndroidMoviePlayer
LogPluginManager: Mounting plugin AndroidPermission
LogPluginManager: Mounting plugin AppleImageUtils
LogPluginManager: Mounting plugin AppleMoviePlayer
LogPluginManager: Mounting plugin ArchVisCharacter
LogPluginManager: Mounting plugin AudioCapture
LogPluginManager: Mounting plugin CableComponent
LogPluginManager: Mounting plugin CustomMeshComponent
LogPluginManager: Mounting plugin EditableMesh
LogPluginManager: Mounting plugin ExampleDeviceProfileSelector
LogPluginManager: Mounting plugin GoogleCloudMessaging
LogPluginManager: Mounting plugin IOSDeviceProfileSelector
LogPluginManager: Mounting plugin LinuxDeviceProfileSelector
LogPluginManager: Mounting plugin LocationServicesBPLibrary
LogPluginManager: Mounting plugin MobilePatchingUtils
LogPluginManager: Mounting plugin OculusVR
LogPluginManager: Mounting plugin PhysXVehicles
LogPluginManager: Mounting plugin ProceduralMeshComponent
LogPluginManager: Mounting plugin RuntimePhysXCooking
LogPluginManager: Mounting plugin SignificanceManager
LogPluginManager: Mounting plugin SteamVR
LogPluginManager: Mounting plugin WebMMoviePlayer
LogPluginManager: Mounting plugin WindowsMoviePlayer
LogPluginManager: Mounting plugin ScreenshotTools
LogInit: Using libcurl 7.55.1-DEV
LogInit:  - built for x86_64-pc-win32
LogInit:  - supports SSL with OpenSSL/1.1.1
LogInit:  - supports HTTP deflate (compression) using libz 1.2.8
LogInit:  - other features:
LogInit:      CURL_VERSION_SSL
LogInit:      CURL_VERSION_LIBZ
LogInit:      CURL_VERSION_IPV6
LogInit:      CURL_VERSION_ASYNCHDNS
LogInit:      CURL_VERSION_LARGEFILE
LogInit:      CURL_VERSION_IDN
LogInit:  CurlRequestOptions (configurable via config and command line):
LogInit:  - bVerifyPeer = true  - Libcurl will verify peer certificate
LogInit:  - bUseHttpProxy = false  - Libcurl will NOT use HTTP proxy
LogInit:  - bDontReuseConnections = false  - Libcurl will reuse connections
LogInit:  - MaxHostConnections = 16  - Libcurl will limit the number of connections to a host
LogInit:  - LocalHostAddr = Default
LogInit:  - BufferSize = 65536
LogOnline: OSS: Creating online subsystem instance for: NULL
LogInit: WinSock: version 1.1 (2.2), MaxSocks=32767, MaxUdp=65467
LogInit: Build: ++UE4+Release-4.23-CL-9631420
LogInit: Engine Version: 4.23.1-9631420+++UE4+Release-4.23
LogInit: Compatible Engine Version: 4.23.0-8386587+++UE4+Release-4.23
LogInit: Net CL: 8386587
LogInit: OS: Windows 10 (Release 1903) (), CPU: Intel(R) Core(TM) i7-4710HQ CPU @ 2.50GHz, GPU: Intel(R) HD Graphics 4600
LogInit: Compiled (64-bit): Oct 18 2019 02:07:44
LogInit: Compiled with Visual C++: 19.16.27030.01
LogInit: Build Configuration: Development
LogInit: Branch Name: ++UE4+Release-4.23
LogInit: Command Line:  -EpicPortal -epicusername=F4B3R22 -epicuserid=e3be9117878d49d68a73168006d6efa1 -epiclocale=it-IT
LogInit: Base Directory: C:/Program Files/Epic Games/UE_4.23/Engine/Binaries/Win64/
LogInit: Installed Engine Build: 1
LogDevObjectVersion: Number of dev versions registered: 23
LogDevObjectVersion:   Dev-Blueprints (B0D832E4-1F89-4F0D-ACCF-7EB736FD4AA2): 10
LogDevObjectVersion:   Dev-Build (E1C64328-A22C-4D53-A36C-8E866417BD8C): 0
LogDevObjectVersion:   Dev-Core (375EC13C-06E4-48FB-B500-84F0262A717E): 3
LogDevObjectVersion:   Dev-Editor (E4B068ED-F494-42E9-A231-DA0B2E46BB41): 34
LogDevObjectVersion:   Dev-Framework (CFFC743F-43B0-4480-9391-14DF171D2073): 35
LogDevObjectVersion:   Dev-Mobile (B02B49B5-BB20-44E9-A304-32B752E40360): 2
LogDevObjectVersion:   Dev-Networking (A4E4105C-59A1-49B5-A7C5-40C4547EDFEE): 0
LogDevObjectVersion:   Dev-Online (39C831C9-5AE6-47DC-9A44-9C173E1C8E7C): 0
LogDevObjectVersion:   Dev-Physics (78F01B33-EBEA-4F98-B9B4-84EACCB95AA2): 0
LogDevObjectVersion:   Dev-Platform (6631380F-2D4D-43E0-8009-CF276956A95A): 0
LogDevObjectVersion:   Dev-Rendering (12F88B9F-8875-4AFC-A67C-D90C383ABD29): 31
LogDevObjectVersion:   Dev-Sequencer (7B5AE74C-D270-4C10-A958-57980B212A5A): 11
LogDevObjectVersion:   Dev-VR (D7296918-1DD6-4BDD-9DE2-64A83CC13884): 2
LogDevObjectVersion:   Dev-LoadTimes (C2A15278-BFE7-4AFE-6C17-90FF531DF755): 1
LogDevObjectVersion:   Private-Geometry (6EACA3D4-40EC-4CC1-B786-8BED09428FC5): 3
LogDevObjectVersion:   Dev-AnimPhys (29E575DD-E0A3-4627-9D10-D276232CDCEA): 17
LogDevObjectVersion:   Dev-Anim (AF43A65D-7FD3-4947-9873-3E8ED9C1BB05): 2
LogDevObjectVersion:   Dev-ReflectionCapture (6B266CEC-1EC7-4B8F-A30B-E4D90942FC07): 1
LogDevObjectVersion:   Dev-Automation (0DF73D61-A23F-47EA-B727-89E90C41499A): 1
LogDevObjectVersion:   FortniteMain (601D1886-AC64-4F84-AA16-D3DE0DEAC7D6): 27
LogDevObjectVersion:   Dev-Enterprise (9DFFBCD6-494F-0158-E221-12823C92A888): 6
LogDevObjectVersion:   Dev-Niagara (F2AED0AC-9AFE-416F-8664-AA7FFA26D6FC): 1
LogDevObjectVersion:   Dev-Destruction (174F1F0B-B4C6-45A5-B13F-2EE8D0FB917D): 9
LogInit: Presizing for max 16777216 objects, including 0 objects not considered by GC, pre-allocating 0 bytes for permanent pool.
LogInit: Object subsystem initialized
LogConfig: Setting CVar [[con.DebugEarlyDefault:1]]
LogConfig: Setting CVar [[r.setres:1280x720]]
[2019.10.23-16.22.35:519][  0]LogConfig: Setting CVar [[r.VSync:0]]
[2019.10.23-16.22.35:519][  0]LogConfig: Setting CVar [[r.RHICmdBypass:0]]
[2019.10.23-16.22.35:519][  0]LogConfig: Applying CVar settings from Section [/Script/Engine.RendererSettings] File [C:/Users/Fabrizio/Documents/Unreal Projects/Assignment/Saved/Config/Windows/Engine.ini]
[2019.10.23-16.22.35:519][  0]LogConfig: Setting CVar [[r.GPUCrashDebugging:0]]
[2019.10.23-16.22.35:519][  0]LogConfig: Setting CVar [[r.DefaultFeature.AutoExposure.ExtendDefaultLuminanceRange:1]]
[2019.10.23-16.22.35:519][  0]LogConfig: Applying CVar settings from Section [/Script/Engine.RendererOverrideSettings] File [C:/Users/Fabrizio/Documents/Unreal Projects/Assignment/Saved/Config/Windows/Engine.ini]
[2019.10.23-16.22.35:519][  0]LogConfig: Applying CVar settings from Section [/Script/Engine.StreamingSettings] File [C:/Users/Fabrizio/Documents/Unreal Projects/Assignment/Saved/Config/Windows/Engine.ini]
[2019.10.23-16.22.35:519][  0]LogConfig: Setting CVar [[s.MinBulkDataSizeForAsyncLoading:131072]]
[2019.10.23-16.22.35:519][  0]LogConfig: Setting CVar [[s.AsyncLoadingThreadEnabled:0]]
[2019.10.23-16.22.35:519][  0]LogConfig: Setting CVar [[s.EventDrivenLoaderEnabled:1]]
[2019.10.23-16.22.35:519][  0]LogConfig: Setting CVar [[s.WarnIfTimeLimitExceeded:0]]
[2019.10.23-16.22.35:519][  0]LogConfig: Setting CVar [[s.TimeLimitExceededMultiplier:1.5]]
[2019.10.23-16.22.35:519][  0]LogConfig: Setting CVar [[s.TimeLimitExceededMinTime:0.005]]
[2019.10.23-16.22.35:519][  0]LogConfig: Setting CVar [[s.UseBackgroundLevelStreaming:1]]
[2019.10.23-16.22.35:519][  0]LogConfig: Setting CVar [[s.PriorityAsyncLoadingExtraTime:15.0]]
[2019.10.23-16.22.35:519][  0]LogConfig: Setting CVar [[s.LevelStreamingActorsUpdateTimeLimit:5.0]]
[2019.10.23-16.22.35:519][  0]LogConfig: Setting CVar [[s.PriorityLevelStreamingActorsUpdateExtraTime:5.0]]
[2019.10.23-16.22.35:519][  0]LogConfig: Setting CVar [[s.LevelStreamingComponentsRegistrationGranularity:10]]
[2019.10.23-16.22.35:519][  0]LogConfig: Setting CVar [[s.UnregisterComponentsTimeLimit:1.0]]
[2019.10.23-16.22.35:519][  0]LogConfig: Setting CVar [[s.LevelStreamingComponentsUnregistrationGranularity:5]]
[2019.10.23-16.22.35:519][  0]LogConfig: Applying CVar settings from Section [/Script/Engine.GarbageCollectionSettings] File [C:/Users/Fabrizio/Documents/Unreal Projects/Assignment/Saved/Config/Windows/Engine.ini]
[2019.10.23-16.22.35:519][  0]LogConfig: Setting CVar [[gc.MaxObjectsNotConsideredByGC:1]]
[2019.10.23-16.22.35:519][  0]LogConfig: Setting CVar [[gc.SizeOfPermanentObjectPool:0]]
[2019.10.23-16.22.35:519][  0]LogConfig: Setting CVar [[gc.FlushStreamingOnGC:0]]
[2019.10.23-16.22.35:519][  0]LogConfig: Setting CVar [[gc.NumRetriesBeforeForcingGC:10]]
[2019.10.23-16.22.35:519][  0]LogConfig: Setting CVar [[gc.AllowParallelGC:1]]
[2019.10.23-16.22.35:519][  0]LogConfig: Setting CVar [[gc.TimeBetweenPurgingPendingKillObjects:61.1]]
[2019.10.23-16.22.35:519][  0]LogConfig: Setting CVar [[gc.MaxObjectsInEditor:16777216]]
[2019.10.23-16.22.35:519][  0]LogConfig: Setting CVar [[gc.IncrementalBeginDestroyEnabled:1]]
[2019.10.23-16.22.35:519][  0]LogConfig: Setting CVar [[gc.CreateGCClusters:1]]
[2019.10.23-16.22.35:519][  0]LogConfig: Setting CVar [[gc.MinGCClusterSize:5]]
[2019.10.23-16.22.35:519][  0]LogConfig: Setting CVar [[gc.ActorClusteringEnabled:0]]
[2019.10.23-16.22.35:519][  0]LogConfig: Setting CVar [[gc.BlueprintClusteringEnabled:0]]
[2019.10.23-16.22.35:519][  0]LogConfig: Setting CVar [[gc.UseDisregardForGCOnDedicatedServers:0]]
[2019.10.23-16.22.35:519][  0]LogConfig: Applying CVar settings from Section [/Script/Engine.NetworkSettings] File [C:/Users/Fabrizio/Documents/Unreal Projects/Assignment/Saved/Config/Windows/Engine.ini]
[2019.10.23-16.22.35:519][  0]LogConfig: Applying CVar settings from Section [/Script/UnrealEd.CookerSettings] File [C:/Users/Fabrizio/Documents/Unreal Projects/Assignment/Saved/Config/Windows/Engine.ini]
[2019.10.23-16.22.35:521][  0]LogConfig: Applying CVar settings from Section [ViewDistanceQuality@3] File [C:/Users/Fabrizio/Documents/Unreal Projects/Assignment/Saved/Config/Windows/Scalability.ini]
[2019.10.23-16.22.35:521][  0]LogConfig: Setting CVar [[r.SkeletalMeshLODBias:0]]
[2019.10.23-16.22.35:521][  0]LogConfig: Setting CVar [[r.ViewDistanceScale:1.0]]
[2019.10.23-16.22.35:521][  0]LogConfig: Applying CVar settings from Section [AntiAliasingQuality@3] File [C:/Users/Fabrizio/Documents/Unreal Projects/Assignment/Saved/Config/Windows/Scalability.ini]
[2019.10.23-16.22.35:521][  0]LogConfig: Setting CVar [[r.PostProcessAAQuality:4]]
[2019.10.23-16.22.35:521][  0]LogConfig: Applying CVar settings from Section [ShadowQuality@3] File [C:/Users/Fabrizio/Documents/Unreal Projects/Assignment/Saved/Config/Windows/Scalability.ini]
[2019.10.23-16.22.35:521][  0]LogConfig: Setting CVar [[r.LightFunctionQuality:1]]
[2019.10.23-16.22.35:521][  0]LogConfig: Setting CVar [[r.ShadowQuality:5]]
[2019.10.23-16.22.35:521][  0]LogConfig: Setting CVar [[r.Shadow.CSM.MaxCascades:10]]
[2019.10.23-16.22.35:521][  0]LogConfig: Setting CVar [[r.Shadow.MaxResolution:2048]]
[2019.10.23-16.22.35:521][  0]LogConfig: Setting CVar [[r.Shadow.MaxCSMResolution:2048]]
[2019.10.23-16.22.35:522][  0]LogConfig: Setting CVar [[r.Shadow.RadiusThreshold:0.01]]
[2019.10.23-16.22.35:522][  0]LogConfig: Setting CVar [[r.Shadow.DistanceScale:1.0]]
[2019.10.23-16.22.35:522][  0]LogConfig: Setting CVar [[r.Shadow.CSM.TransitionScale:1.0]]
[2019.10.23-16.22.35:522][  0]LogConfig: Setting CVar [[r.Shadow.PreShadowResolutionFactor:1.0]]
[2019.10.23-16.22.35:522][  0]LogConfig: Setting CVar [[r.DistanceFieldShadowing:1]]
[2019.10.23-16.22.35:522][  0]LogConfig: Setting CVar [[r.DistanceFieldAO:1]]
[2019.10.23-16.22.35:522][  0]LogConfig: Setting CVar [[r.AOQuality:2]]
[2019.10.23-16.22.35:522][  0]LogConfig: Setting CVar [[r.VolumetricFog:1]]
[2019.10.23-16.22.35:522][  0]LogConfig: Setting CVar [[r.VolumetricFog.GridPixelSize:8]]
[2019.10.23-16.22.35:522][  0]LogConfig: Setting CVar [[r.VolumetricFog.GridSizeZ:128]]
[2019.10.23-16.22.35:522][  0]LogConfig: Setting CVar [[r.VolumetricFog.HistoryMissSupersampleCount:4]]
[2019.10.23-16.22.35:522][  0]LogConfig: Setting CVar [[r.LightMaxDrawDistanceScale:1]]
[2019.10.23-16.22.35:522][  0]LogConfig: Setting CVar [[r.CapsuleShadows:1]]
[2019.10.23-16.22.35:522][  0]LogConfig: Applying CVar settings from Section [PostProcessQuality@3] File [C:/Users/Fabrizio/Documents/Unreal Projects/Assignment/Saved/Config/Windows/Scalability.ini]
[2019.10.23-16.22.35:522][  0]LogConfig: Setting CVar [[r.MotionBlurQuality:4]]
[2019.10.23-16.22.35:522][  0]LogConfig: Setting CVar [[r.AmbientOcclusionMipLevelFactor:0.4]]
[2019.10.23-16.22.35:522][  0]LogConfig: Setting CVar [[r.AmbientOcclusionMaxQuality:100]]
[2019.10.23-16.22.35:522][  0]LogConfig: Setting CVar [[r.AmbientOcclusionLevels:-1]]
[2019.10.23-16.22.35:522][  0]LogConfig: Setting CVar [[r.AmbientOcclusionRadiusScale:1.0]]
[2019.10.23-16.22.35:522][  0]LogConfig: Setting CVar [[r.DepthOfFieldQuality:2]]
[2019.10.23-16.22.35:522][  0]LogConfig: Setting CVar [[r.RenderTargetPoolMin:400]]
[2019.10.23-16.22.35:522][  0]LogConfig: Setting CVar [[r.LensFlareQuality:2]]
[2019.10.23-16.22.35:522][  0]LogConfig: Setting CVar [[r.SceneColorFringeQuality:1]]
[2019.10.23-16.22.35:522][  0]LogConfig: Setting CVar [[r.EyeAdaptationQuality:2]]
[2019.10.23-16.22.35:522][  0]LogConfig: Setting CVar [[r.BloomQuality:5]]
[2019.10.23-16.22.35:522][  0]LogConfig: Setting CVar [[r.FastBlurThreshold:100]]
[2019.10.23-16.22.35:522][  0]LogConfig: Setting CVar [[r.Upscale.Quality:3]]
[2019.10.23-16.22.35:522][  0]LogConfig: Setting CVar [[r.Tonemapper.GrainQuantization:1]]
[2019.10.23-16.22.35:522][  0]LogConfig: Setting CVar [[r.LightShaftQuality:1]]
[2019.10.23-16.22.35:522][  0]LogConfig: Setting CVar [[r.Filter.SizeScale:1]]
[2019.10.23-16.22.35:522][  0]LogConfig: Setting CVar [[r.Tonemapper.Quality:5]]
[2019.10.23-16.22.35:522][  0]LogConfig: Setting CVar [[r.DOF.Gather.AccumulatorQuality:1        ; higher gathering accumulator quality]]
[2019.10.23-16.22.35:522][  0]LogConfig: Setting CVar [[r.DOF.Gather.PostfilterMethod:1          ; Median3x3 postfilering method]]
[2019.10.23-16.22.35:522][  0]LogConfig: Setting CVar [[r.DOF.Gather.EnableBokehSettings:0       ; no bokeh simulation when gathering]]
[2019.10.23-16.22.35:522][  0]LogConfig: Setting CVar [[r.DOF.Gather.RingCount:4                 ; medium number of samples when gathering]]
[2019.10.23-16.22.35:522][  0]LogConfig: Setting CVar [[r.DOF.Scatter.ForegroundCompositing:1    ; additive foreground scattering]]
[2019.10.23-16.22.35:522][  0]LogConfig: Setting CVar [[r.DOF.Scatter.BackgroundCompositing:2    ; additive background scattering]]
[2019.10.23-16.22.35:522][  0]LogConfig: Setting CVar [[r.DOF.Scatter.EnableBokehSettings:1      ; bokeh simulation when scattering]]
[2019.10.23-16.22.35:522][  0]LogConfig: Setting CVar [[r.DOF.Scatter.MaxSpriteRatio:0.1         ; only a maximum of 10% of scattered bokeh]]
[2019.10.23-16.22.35:522][  0]LogConfig: Setting CVar [[r.DOF.Recombine.Quality:1                ; cheap slight out of focus]]
[2019.10.23-16.22.35:522][  0]LogConfig: Setting CVar [[r.DOF.Recombine.EnableBokehSettings:0    ; no bokeh simulation on slight out of focus]]
[2019.10.23-16.22.35:522][  0]LogConfig: Setting CVar [[r.DOF.TemporalAAQuality:1                ; more stable temporal accumulation]]
[2019.10.23-16.22.35:522][  0]LogConfig: Setting CVar [[r.DOF.Kernel.MaxForegroundRadius:0.025]]
[2019.10.23-16.22.35:522][  0]LogConfig: Setting CVar [[r.DOF.Kernel.MaxBackgroundRadius:0.025]]
[2019.10.23-16.22.35:522][  0]LogConfig: Applying CVar settings from Section [TextureQuality@3] File [C:/Users/Fabrizio/Documents/Unreal Projects/Assignment/Saved/Config/Windows/Scalability.ini]
[2019.10.23-16.22.35:522][  0]LogConfig: Setting CVar [[r.Streaming.MipBias:0]]
[2019.10.23-16.22.35:522][  0]LogConfig: Setting CVar [[r.Streaming.AmortizeCPUToGPUCopy:0]]
[2019.10.23-16.22.35:522][  0]LogConfig: Setting CVar [[r.Streaming.MaxNumTexturesToStreamPerFrame:0]]
[2019.10.23-16.22.35:522][  0]LogConfig: Setting CVar [[r.Streaming.Boost:1]]
[2019.10.23-16.22.35:522][  0]LogConfig: Setting CVar [[r.MaxAnisotropy:8]]
[2019.10.23-16.22.35:522][  0]LogConfig: Setting CVar [[r.Streaming.LimitPoolSizeToVRAM:0]]
[2019.10.23-16.22.35:522][  0]LogConfig: Setting CVar [[r.Streaming.PoolSize:1000]]
[2019.10.23-16.22.35:522][  0]LogConfig: Setting CVar [[r.Streaming.MaxEffectiveScreenSize:0]]
[2019.10.23-16.22.35:522][  0]LogConfig: Applying CVar settings from Section [EffectsQuality@3] File [C:/Users/Fabrizio/Documents/Unreal Projects/Assignment/Saved/Config/Windows/Scalability.ini]
[2019.10.23-16.22.35:522][  0]LogConfig: Setting CVar [[r.TranslucencyLightingVolumeDim:64]]
[2019.10.23-16.22.35:522][  0]LogConfig: Setting CVar [[r.RefractionQuality:2]]
[2019.10.23-16.22.35:522][  0]LogConfig: Setting CVar [[r.SSR.Quality:3]]
[2019.10.23-16.22.35:522][  0]LogConfig: Setting CVar [[r.SceneColorFormat:4]]
[2019.10.23-16.22.35:522][  0]LogConfig: Setting CVar [[r.DetailMode:2]]
[2019.10.23-16.22.35:522][  0]LogConfig: Setting CVar [[r.TranslucencyVolumeBlur:1]]
[2019.10.23-16.22.35:522][  0]LogConfig: Setting CVar [[r.MaterialQualityLevel:1 ; High quality]]
[2019.10.23-16.22.35:522][  0]LogConfig: Setting CVar [[r.SSS.Scale:1]]
[2019.10.23-16.22.35:522][  0]LogConfig: Setting CVar [[r.SSS.SampleSet:2]]
[2019.10.23-16.22.35:522][  0]LogConfig: Setting CVar [[r.SSS.Quality:1]]
[2019.10.23-16.22.35:522][  0]LogConfig: Setting CVar [[r.SSS.HalfRes:1]]
[2019.10.23-16.22.35:522][  0]LogConfig: Setting CVar [[r.EmitterSpawnRateScale:1.0]]
[2019.10.23-16.22.35:522][  0]LogConfig: Setting CVar [[r.ParticleLightQuality:2]]
[2019.10.23-16.22.35:522][  0]LogConfig: Applying CVar settings from Section [FoliageQuality@3] File [C:/Users/Fabrizio/Documents/Unreal Projects/Assignment/Saved/Config/Windows/Scalability.ini]
[2019.10.23-16.22.35:522][  0]LogConfig: Setting CVar [[foliage.DensityScale:1.0]]
[2019.10.23-16.22.35:522][  0]LogConfig: Setting CVar [[grass.DensityScale:1.0]]
[2019.10.23-16.22.35:522][  0]LogInit: Selected Device Profile: [Windows]
[2019.10.23-16.22.35:522][  0]LogInit: Applying CVar settings loaded from the selected device profile: [Windows]
[2019.10.23-16.22.35:526][  0]LogHAL: Display: Platform has ~ 16 GB [17057116160 / 17179869184 / 16], which maps to Larger [LargestMinGB=32, LargerMinGB=12, DefaultMinGB=8, SmallerMinGB=6, SmallestMinGB=0)
[2019.10.23-16.22.35:526][  0]LogInit: Going up to parent DeviceProfile []
[2019.10.23-16.22.35:526][  0]LogConfig: Applying CVar settings from Section [ViewDistanceQuality@3] File [C:/Users/Fabrizio/Documents/Unreal Projects/Assignment/Saved/Config/Windows/Scalability.ini]
[2019.10.23-16.22.35:526][  0]LogConfig: Setting CVar [[r.SkeletalMeshLODBias:0]]
[2019.10.23-16.22.35:526][  0]LogConfig: Setting CVar [[r.ViewDistanceScale:1.0]]
[2019.10.23-16.22.35:526][  0]LogConfig: Applying CVar settings from Section [AntiAliasingQuality@3] File [C:/Users/Fabrizio/Documents/Unreal Projects/Assignment/Saved/Config/Windows/Scalability.ini]
[2019.10.23-16.22.35:526][  0]LogConfig: Setting CVar [[r.PostProcessAAQuality:4]]
[2019.10.23-16.22.35:526][  0]LogConfig: Applying CVar settings from Section [ShadowQuality@3] File [C:/Users/Fabrizio/Documents/Unreal Projects/Assignment/Saved/Config/Windows/Scalability.ini]
[2019.10.23-16.22.35:526][  0]LogConfig: Setting CVar [[r.LightFunctionQuality:1]]
[2019.10.23-16.22.35:526][  0]LogConfig: Setting CVar [[r.ShadowQuality:5]]
[2019.10.23-16.22.35:526][  0]LogConfig: Setting CVar [[r.Shadow.CSM.MaxCascades:10]]
[2019.10.23-16.22.35:526][  0]LogConfig: Setting CVar [[r.Shadow.MaxResolution:2048]]
[2019.10.23-16.22.35:526][  0]LogConfig: Setting CVar [[r.Shadow.MaxCSMResolution:2048]]
[2019.10.23-16.22.35:526][  0]LogConfig: Setting CVar [[r.Shadow.RadiusThreshold:0.01]]
[2019.10.23-16.22.35:526][  0]LogConfig: Setting CVar [[r.Shadow.DistanceScale:1.0]]
[2019.10.23-16.22.35:526][  0]LogConfig: Setting CVar [[r.Shadow.CSM.TransitionScale:1.0]]
[2019.10.23-16.22.35:526][  0]LogConfig: Setting CVar [[r.Shadow.PreShadowResolutionFactor:1.0]]
[2019.10.23-16.22.35:526][  0]LogConfig: Setting CVar [[r.DistanceFieldShadowing:1]]
[2019.10.23-16.22.35:526][  0]LogConfig: Setting CVar [[r.DistanceFieldAO:1]]
[2019.10.23-16.22.35:526][  0]LogConfig: Setting CVar [[r.AOQuality:2]]
[2019.10.23-16.22.35:526][  0]LogConfig: Setting CVar [[r.VolumetricFog:1]]
[2019.10.23-16.22.35:526][  0]LogConfig: Setting CVar [[r.VolumetricFog.GridPixelSize:8]]
[2019.10.23-16.22.35:526][  0]LogConfig: Setting CVar [[r.VolumetricFog.GridSizeZ:128]]
[2019.10.23-16.22.35:526][  0]LogConfig: Setting CVar [[r.VolumetricFog.HistoryMissSupersampleCount:4]]
[2019.10.23-16.22.35:526][  0]LogConfig: Setting CVar [[r.LightMaxDrawDistanceScale:1]]
[2019.10.23-16.22.35:526][  0]LogConfig: Setting CVar [[r.CapsuleShadows:1]]
[2019.10.23-16.22.35:526][  0]LogConfig: Applying CVar settings from Section [PostProcessQuality@3] File [C:/Users/Fabrizio/Documents/Unreal Projects/Assignment/Saved/Config/Windows/Scalability.ini]
[2019.10.23-16.22.35:526][  0]LogConfig: Setting CVar [[r.MotionBlurQuality:4]]
[2019.10.23-16.22.35:526][  0]LogConfig: Setting CVar [[r.AmbientOcclusionMipLevelFactor:0.4]]
[2019.10.23-16.22.35:526][  0]LogConfig: Setting CVar [[r.AmbientOcclusionMaxQuality:100]]
[2019.10.23-16.22.35:526][  0]LogConfig: Setting CVar [[r.AmbientOcclusionLevels:-1]]
[2019.10.23-16.22.35:526][  0]LogConfig: Setting CVar [[r.AmbientOcclusionRadiusScale:1.0]]
[2019.10.23-16.22.35:526][  0]LogConfig: Setting CVar [[r.DepthOfFieldQuality:2]]
[2019.10.23-16.22.35:526][  0]LogConfig: Setting CVar [[r.RenderTargetPoolMin:400]]
[2019.10.23-16.22.35:526][  0]LogConfig: Setting CVar [[r.LensFlareQuality:2]]
[2019.10.23-16.22.35:526][  0]LogConfig: Setting CVar [[r.SceneColorFringeQuality:1]]
[2019.10.23-16.22.35:526][  0]LogConfig: Setting CVar [[r.EyeAdaptationQuality:2]]
[2019.10.23-16.22.35:526][  0]LogConfig: Setting CVar [[r.BloomQuality:5]]
[2019.10.23-16.22.35:526][  0]LogConfig: Setting CVar [[r.FastBlurThreshold:100]]
[2019.10.23-16.22.35:526][  0]LogConfig: Setting CVar [[r.Upscale.Quality:3]]
[2019.10.23-16.22.35:526][  0]LogConfig: Setting CVar [[r.Tonemapper.GrainQuantization:1]]
[2019.10.23-16.22.35:526][  0]LogConfig: Setting CVar [[r.LightShaftQuality:1]]
[2019.10.23-16.22.35:526][  0]LogConfig: Setting CVar [[r.Filter.SizeScale:1]]
[2019.10.23-16.22.35:526][  0]LogConfig: Setting CVar [[r.Tonemapper.Quality:5]]
[2019.10.23-16.22.35:526][  0]LogConfig: Setting CVar [[r.DOF.Gather.AccumulatorQuality:1        ; higher gathering accumulator quality]]
[2019.10.23-16.22.35:526][  0]LogConfig: Setting CVar [[r.DOF.Gather.PostfilterMethod:1          ; Median3x3 postfilering method]]
[2019.10.23-16.22.35:526][  0]LogConfig: Setting CVar [[r.DOF.Gather.EnableBokehSettings:0       ; no bokeh simulation when gathering]]
[2019.10.23-16.22.35:526][  0]LogConfig: Setting CVar [[r.DOF.Gather.RingCount:4                 ; medium number of samples when gathering]]
[2019.10.23-16.22.35:526][  0]LogConfig: Setting CVar [[r.DOF.Scatter.ForegroundCompositing:1    ; additive foreground scattering]]
[2019.10.23-16.22.35:526][  0]LogConfig: Setting CVar [[r.DOF.Scatter.BackgroundCompositing:2    ; additive background scattering]]
[2019.10.23-16.22.35:526][  0]LogConfig: Setting CVar [[r.DOF.Scatter.EnableBokehSettings:1      ; bokeh simulation when scattering]]
[2019.10.23-16.22.35:526][  0]LogConfig: Setting CVar [[r.DOF.Scatter.MaxSpriteRatio:0.1         ; only a maximum of 10% of scattered bokeh]]
[2019.10.23-16.22.35:526][  0]LogConfig: Setting CVar [[r.DOF.Recombine.Quality:1                ; cheap slight out of focus]]
[2019.10.23-16.22.35:526][  0]LogConfig: Setting CVar [[r.DOF.Recombine.EnableBokehSettings:0    ; no bokeh simulation on slight out of focus]]
[2019.10.23-16.22.35:527][  0]LogConfig: Setting CVar [[r.DOF.TemporalAAQuality:1                ; more stable temporal accumulation]]
[2019.10.23-16.22.35:527][  0]LogConfig: Setting CVar [[r.DOF.Kernel.MaxForegroundRadius:0.025]]
[2019.10.23-16.22.35:527][  0]LogConfig: Setting CVar [[r.DOF.Kernel.MaxBackgroundRadius:0.025]]
[2019.10.23-16.22.35:527][  0]LogConfig: Applying CVar settings from Section [TextureQuality@3] File [C:/Users/Fabrizio/Documents/Unreal Projects/Assignment/Saved/Config/Windows/Scalability.ini]
[2019.10.23-16.22.35:527][  0]LogConfig: Setting CVar [[r.Streaming.MipBias:0]]
[2019.10.23-16.22.35:527][  0]LogConfig: Setting CVar [[r.Streaming.AmortizeCPUToGPUCopy:0]]
[2019.10.23-16.22.35:527][  0]LogConfig: Setting CVar [[r.Streaming.MaxNumTexturesToStreamPerFrame:0]]
[2019.10.23-16.22.35:527][  0]LogConfig: Setting CVar [[r.Streaming.Boost:1]]
[2019.10.23-16.22.35:527][  0]LogConfig: Setting CVar [[r.MaxAnisotropy:8]]
[2019.10.23-16.22.35:527][  0]LogConfig: Setting CVar [[r.Streaming.LimitPoolSizeToVRAM:0]]
[2019.10.23-16.22.35:527][  0]LogConfig: Setting CVar [[r.Streaming.PoolSize:1000]]
[2019.10.23-16.22.35:527][  0]LogConfig: Setting CVar [[r.Streaming.MaxEffectiveScreenSize:0]]
[2019.10.23-16.22.35:527][  0]LogConfig: Applying CVar settings from Section [EffectsQuality@3] File [C:/Users/Fabrizio/Documents/Unreal Projects/Assignment/Saved/Config/Windows/Scalability.ini]
[2019.10.23-16.22.35:527][  0]LogConfig: Setting CVar [[r.TranslucencyLightingVolumeDim:64]]
[2019.10.23-16.22.35:527][  0]LogConfig: Setting CVar [[r.RefractionQuality:2]]
[2019.10.23-16.22.35:527][  0]LogConfig: Setting CVar [[r.SSR.Quality:3]]
[2019.10.23-16.22.35:527][  0]LogConfig: Setting CVar [[r.SceneColorFormat:4]]
[2019.10.23-16.22.35:527][  0]LogConfig: Setting CVar [[r.DetailMode:2]]
[2019.10.23-16.22.35:527][  0]LogConfig: Setting CVar [[r.TranslucencyVolumeBlur:1]]
[2019.10.23-16.22.35:527][  0]LogConfig: Setting CVar [[r.MaterialQualityLevel:1 ; High quality]]
[2019.10.23-16.22.35:527][  0]LogConfig: Setting CVar [[r.SSS.Scale:1]]
[2019.10.23-16.22.35:527][  0]LogConfig: Setting CVar [[r.SSS.SampleSet:2]]
[2019.10.23-16.22.35:527][  0]LogConfig: Setting CVar [[r.SSS.Quality:1]]
[2019.10.23-16.22.35:527][  0]LogConfig: Setting CVar [[r.SSS.HalfRes:1]]
[2019.10.23-16.22.35:527][  0]LogConfig: Setting CVar [[r.EmitterSpawnRateScale:1.0]]
[2019.10.23-16.22.35:527][  0]LogConfig: Setting CVar [[r.ParticleLightQuality:2]]
[2019.10.23-16.22.35:527][  0]LogConfig: Applying CVar settings from Section [FoliageQuality@3] File [C:/Users/Fabrizio/Documents/Unreal Projects/Assignment/Saved/Config/Windows/Scalability.ini]
[2019.10.23-16.22.35:527][  0]LogConfig: Setting CVar [[foliage.DensityScale:1.0]]
[2019.10.23-16.22.35:527][  0]LogConfig: Setting CVar [[grass.DensityScale:1.0]]
[2019.10.23-16.22.35:527][  0]LogConfig: Applying CVar settings from Section [Startup] File [../../../Engine/Config/ConsoleVariables.ini]
[2019.10.23-16.22.35:527][  0]LogConfig: Setting CVar [[net.UseAdaptiveNetUpdateFrequency:0]]
[2019.10.23-16.22.35:527][  0]LogConfig: Setting CVar [[p.chaos.AllowCreatePhysxBodies:1]]
[2019.10.23-16.22.35:527][  0]LogConfig: Applying CVar settings from Section [ConsoleVariables] File [C:/Users/Fabrizio/Documents/Unreal Projects/Assignment/Saved/Config/Windows/Engine.ini]
[2019.10.23-16.22.35:527][  0]LogInit: Computer: PC22FV
[2019.10.23-16.22.35:527][  0]LogInit: User: Fabrizio
[2019.10.23-16.22.35:527][  0]LogInit: CPU Page size=4096, Cores=4
[2019.10.23-16.22.35:527][  0]LogInit: High frequency timer resolution =10.000000 MHz
[2019.10.23-16.22.35:528][  0]LogMemory: Memory total: Physical=15.9GB (16GB approx)
[2019.10.23-16.22.35:528][  0]LogMemory: Platform Memory Stats for Windows
[2019.10.23-16.22.35:528][  0]LogMemory: Process Physical Memory: 100.55 MB used, 100.55 MB peak
[2019.10.23-16.22.35:528][  0]LogMemory: Process Virtual Memory: 88.53 MB used, 88.53 MB peak
[2019.10.23-16.22.35:528][  0]LogMemory: Physical Memory: 5206.94 MB used,  11059.99 MB free, 16266.93 MB total
[2019.10.23-16.22.35:528][  0]LogMemory: Virtual Memory: 4656.48 MB used,  134213072.00 MB free, 134217728.00 MB total
[2019.10.23-16.22.35:530][  0]LogWindows: WindowsPlatformFeatures enabled
[2019.10.23-16.22.35:557][  0]LogInit: Using OS detected language (it-IT).
[2019.10.23-16.22.35:557][  0]LogInit: Using OS detected locale (it-IT).
[2019.10.23-16.22.35:558][  0]LogTextLocalizationManager: No specific localization for 'it-IT' exists, so the 'it' localization will be used.
[2019.10.23-16.22.35:558][  0]LogTextLocalizationResource: LocRes '../../../Engine/Content/Localization/Editor/it/Editor.locres' could not be opened for reading!
[2019.10.23-16.22.35:558][  0]LogTextLocalizationResource: LocRes '../../../Engine/Content/Localization/EditorTutorials/it/EditorTutorials.locres' could not be opened for reading!
[2019.10.23-16.22.35:558][  0]LogTextLocalizationResource: LocRes '../../../Engine/Content/Localization/Keywords/it/Keywords.locres' could not be opened for reading!
[2019.10.23-16.22.35:559][  0]LogTextLocalizationResource: LocRes '../../../Engine/Content/Localization/Category/it/Category.locres' could not be opened for reading!
[2019.10.23-16.22.35:559][  0]LogTextLocalizationResource: LocRes '../../../Engine/Content/Localization/ToolTips/it/ToolTips.locres' could not be opened for reading!
[2019.10.23-16.22.35:559][  0]LogTextLocalizationResource: LocRes '../../../Engine/Content/Localization/PropertyNames/it/PropertyNames.locres' could not be opened for reading!
[2019.10.23-16.22.35:559][  0]LogTextLocalizationResource: LocRes '../../../Engine/Content/Localization/Engine/it/Engine.locres' could not be opened for reading!
[2019.10.23-16.22.35:560][  0]LogInit: Setting process to per monitor DPI aware
[2019.10.23-16.22.35:606][  0]LogSlate: New Slate User Created.  User Index 0, Is Virtual User: 0
[2019.10.23-16.22.35:606][  0]LogSlate: Slate User Registered.  User Index 0, Is Virtual User: 0
[2019.10.23-16.22.35:799][  0]LogHMD: Failed to initialize OpenVR with code 110
[2019.10.23-16.22.35:799][  0]LogD3D11RHI: D3D11 adapters:
[2019.10.23-16.22.35:870][  0]LogD3D11RHI:    0. 'NVIDIA GeForce GTX 850M' (Feature Level 11_0)
[2019.10.23-16.22.35:870][  0]LogD3D11RHI:       4055/0/8133 MB DedicatedVideo/DedicatedSystem/SharedSystem, Outputs:1, VendorId:0x10de
[2019.10.23-16.22.35:876][  0]LogD3D11RHI:    1. 'Intel(R) HD Graphics 4600' (Feature Level 11_0)
[2019.10.23-16.22.35:876][  0]LogD3D11RHI:       112/0/2048 MB DedicatedVideo/DedicatedSystem/SharedSystem, Outputs:0, VendorId:0x8086
[2019.10.23-16.22.35:879][  0]LogD3D11RHI:    2. 'Microsoft Basic Render Driver' (Feature Level 11_0)
[2019.10.23-16.22.35:879][  0]LogD3D11RHI:       0/0/8133 MB DedicatedVideo/DedicatedSystem/SharedSystem, Outputs:0, VendorId:0x1414
[2019.10.23-16.22.35:879][  0]LogD3D11RHI: Chosen D3D11 Adapter: 0
[2019.10.23-16.22.35:900][  0]LogD3D11RHI: Creating new Direct3DDevice
[2019.10.23-16.22.35:900][  0]LogD3D11RHI:     GPU DeviceId: 0x1391 (for the marketing name, search the web for "GPU Device Id")
[2019.10.23-16.22.35:900][  0]LogWindows: EnumDisplayDevices:
[2019.10.23-16.22.35:900][  0]LogWindows:    0. 'Intel(R) HD Graphics 4600' (P:1 D:1)
[2019.10.23-16.22.35:900][  0]LogWindows:    1. 'Intel(R) HD Graphics 4600' (P:0 D:0)
[2019.10.23-16.22.35:901][  0]LogWindows:    2. 'Intel(R) HD Graphics 4600' (P:0 D:0)
[2019.10.23-16.22.35:901][  0]LogWindows: DebugString: PrimaryIsNotTheChoosenAdapter PrimaryIsNotTheChoosenAdapter PrimaryIsNotTheChoosenAdapter FoundDriverCount:0 
[2019.10.23-16.22.35:901][  0]LogD3D11RHI:     Adapter Name: NVIDIA GeForce GTX 850M
[2019.10.23-16.22.35:901][  0]LogD3D11RHI:   Driver Version: Unknown (internal:Unknown, unified:Unknown)
[2019.10.23-16.22.35:901][  0]LogD3D11RHI:      Driver Date: Unknown
[2019.10.23-16.22.35:901][  0]LogRHI: Texture pool is 2839 MB (70% of 4055 MB)
[2019.10.23-16.22.35:951][  0]LogD3D11RHI: Async texture creation enabled
[2019.10.23-16.22.35:982][  0]LogD3D11RHI: GPU Timing Frequency: 1000.000000 (Debug: 2 1)
[2019.10.23-16.22.36:308][  0]LogTemp: Display: Module 'AllDesktopTargetPlatform' loaded TargetPlatform 'AllDesktop'
[2019.10.23-16.22.36:319][  0]LogTemp: Display: Module 'MacClientTargetPlatform' loaded TargetPlatform 'MacClient'
[2019.10.23-16.22.36:329][  0]LogTemp: Display: Module 'MacNoEditorTargetPlatform' loaded TargetPlatform 'MacNoEditor'
[2019.10.23-16.22.36:339][  0]LogTemp: Display: Module 'MacServerTargetPlatform' loaded TargetPlatform 'MacServer'
[2019.10.23-16.22.36:349][  0]LogTemp: Display: Module 'MacTargetPlatform' loaded TargetPlatform 'Mac'
[2019.10.23-16.22.36:360][  0]LogTemp: Display: Module 'WindowsClientTargetPlatform' loaded TargetPlatform 'WindowsClient'
[2019.10.23-16.22.36:370][  0]LogTemp: Display: Module 'WindowsNoEditorTargetPlatform' loaded TargetPlatform 'WindowsNoEditor'
[2019.10.23-16.22.36:380][  0]LogTemp: Display: Module 'WindowsServerTargetPlatform' loaded TargetPlatform 'WindowsServer'
[2019.10.23-16.22.36:387][  0]LogTemp: Display: Module 'WindowsTargetPlatform' loaded TargetPlatform 'Windows'
[2019.10.23-16.22.36:422][  0]LogTemp: Display: Module 'AndroidTargetPlatform' loaded TargetPlatform 'Android'
[2019.10.23-16.22.36:422][  0]LogTemp: Display: Module 'AndroidTargetPlatform' loaded TargetPlatform 'Android_ASTC'
[2019.10.23-16.22.36:422][  0]LogTemp: Display: Module 'AndroidTargetPlatform' loaded TargetPlatform 'Android_ATC'
[2019.10.23-16.22.36:422][  0]LogTemp: Display: Module 'AndroidTargetPlatform' loaded TargetPlatform 'Android_DXT'
[2019.10.23-16.22.36:422][  0]LogTemp: Display: Module 'AndroidTargetPlatform' loaded TargetPlatform 'Android_ETC1'
[2019.10.23-16.22.36:422][  0]LogTemp: Display: Module 'AndroidTargetPlatform' loaded TargetPlatform 'Android_ETC1a'
[2019.10.23-16.22.36:422][  0]LogTemp: Display: Module 'AndroidTargetPlatform' loaded TargetPlatform 'Android_ETC2'
[2019.10.23-16.22.36:422][  0]LogTemp: Display: Module 'AndroidTargetPlatform' loaded TargetPlatform 'Android_PVRTC'
[2019.10.23-16.22.36:422][  0]LogTemp: Display: Module 'AndroidTargetPlatform' loaded TargetPlatform 'AndroidClient'
[2019.10.23-16.22.36:422][  0]LogTemp: Display: Module 'AndroidTargetPlatform' loaded TargetPlatform 'Android_ASTCClient'
[2019.10.23-16.22.36:422][  0]LogTemp: Display: Module 'AndroidTargetPlatform' loaded TargetPlatform 'Android_ATCClient'
[2019.10.23-16.22.36:422][  0]LogTemp: Display: Module 'AndroidTargetPlatform' loaded TargetPlatform 'Android_DXTClient'
[2019.10.23-16.22.36:422][  0]LogTemp: Display: Module 'AndroidTargetPlatform' loaded TargetPlatform 'Android_ETC1Client'
[2019.10.23-16.22.36:422][  0]LogTemp: Display: Module 'AndroidTargetPlatform' loaded TargetPlatform 'Android_ETC1aClient'
[2019.10.23-16.22.36:422][  0]LogTemp: Display: Module 'AndroidTargetPlatform' loaded TargetPlatform 'Android_ETC2Client'
[2019.10.23-16.22.36:422][  0]LogTemp: Display: Module 'AndroidTargetPlatform' loaded TargetPlatform 'Android_PVRTCClient'
[2019.10.23-16.22.36:423][  0]LogTemp: Display: Module 'AndroidTargetPlatform' loaded TargetPlatform 'Android_Multi'
[2019.10.23-16.22.36:423][  0]LogTemp: Display: Module 'AndroidTargetPlatform' loaded TargetPlatform 'Android_MultiClient'
[2019.10.23-16.22.36:424][  0]LogTemp: Display: Module 'HTML5TargetPlatform' loaded TargetPlatform 'HTML5'
[2019.10.23-16.22.36:445][  0]LogTemp: Display: Module 'IOSTargetPlatform' loaded TargetPlatform 'IOSClient'
[2019.10.23-16.22.36:445][  0]LogTemp: Display: Module 'IOSTargetPlatform' loaded TargetPlatform 'IOS'
[2019.10.23-16.22.36:459][  0]LogTemp: Display: Module 'TVOSTargetPlatform' loaded TargetPlatform 'TVOSClient'
[2019.10.23-16.22.36:459][  0]LogTemp: Display: Module 'TVOSTargetPlatform' loaded TargetPlatform 'TVOS'
[2019.10.23-16.22.36:467][  0]LogTemp: Display: Module 'LinuxClientTargetPlatform' loaded TargetPlatform 'LinuxClient'
[2019.10.23-16.22.36:475][  0]LogTemp: Display: Module 'LinuxNoEditorTargetPlatform' loaded TargetPlatform 'LinuxNoEditor'
[2019.10.23-16.22.36:483][  0]LogTemp: Display: Module 'LinuxServerTargetPlatform' loaded TargetPlatform 'LinuxServer'
[2019.10.23-16.22.36:492][  0]LogTemp: Display: Module 'LinuxTargetPlatform' loaded TargetPlatform 'Linux'
[2019.10.23-16.22.36:521][  0]LogTemp: Display: Module 'LuminTargetPlatform' loaded TargetPlatform 'Lumin'
[2019.10.23-16.22.36:521][  0]LogTemp: Display: Module 'LuminTargetPlatform' loaded TargetPlatform 'LuminClient'
[2019.10.23-16.22.36:521][  0]LogTargetPlatformManager: Display: Building Assets For Windows
[2019.10.23-16.22.36:532][  0]LogAudioDebug: Display: Lib vorbis DLL was dynamically loaded.
[2019.10.23-16.22.36:596][  0]LogShaderCompilers: Guid format shader working directory is -21 characters bigger than the processId version (../../../../../../Users/Fabrizio/Documents/Unreal Projects/Assignment/Intermediate/Shaders/WorkingDirectory/13000/).
[2019.10.23-16.22.36:596][  0]LogShaderCompilers: Cleaned the shader compiler working directory 'C:/Users/Fabrizio/AppData/Local/Temp/UnrealShaderWorkingDir/255B83314F61244AB62E218533C7E310/'.
[2019.10.23-16.22.36:600][  0]LogXGEController: Cannot use XGE Controller as Incredibuild is not installed on this machine.
[2019.10.23-16.22.36:600][  0]LogShaderCompilers: Cannot use XGE Shader Compiler as Incredibuild is not installed on this machine.
[2019.10.23-16.22.36:600][  0]LogShaderCompilers: Display: Using Local Shader Compiler.
[2019.10.23-16.22.37:265][  0]LogDerivedDataCache: Display: Max Cache Size: 512 MB
[2019.10.23-16.22.37:323][  0]LogDerivedDataCache: Loaded boot cache 0.06s 73MB C:/Users/Fabrizio/AppData/Local/UnrealEngine/4.23/DerivedDataCache/Boot.ddc.
[2019.10.23-16.22.37:324][  0]LogDerivedDataCache: Display: Loaded Boot cache: C:/Users/Fabrizio/AppData/Local/UnrealEngine/4.23/DerivedDataCache/Boot.ddc
[2019.10.23-16.22.37:324][  0]LogDerivedDataCache: FDerivedDataBackendGraph:  Pak pak cache file ../../../../../../Users/Fabrizio/Documents/Unreal Projects/Assignment/DerivedDataCache/DDC.ddp not found, will not use a pak cache.
[2019.10.23-16.22.37:324][  0]LogDerivedDataCache: Unable to find inner node Pak for hierarchical cache Hierarchy.
[2019.10.23-16.22.37:324][  0]LogDerivedDataCache: FDerivedDataBackendGraph:  CompressedPak pak cache file ../../../../../../Users/Fabrizio/Documents/Unreal Projects/Assignment/DerivedDataCache/Compressed.ddp not found, will not use a pak cache.
[2019.10.23-16.22.37:324][  0]LogDerivedDataCache: Unable to find inner node CompressedPak for hierarchical cache Hierarchy.
[2019.10.23-16.22.37:336][  0]LogDerivedDataCache: Display: Pak cache opened for reading ../../../Engine/DerivedDataCache/Compressed.ddp.
[2019.10.23-16.22.37:336][  0]LogDerivedDataCache: FDerivedDataBackendGraph:  EnterprisePak pak cache file ../../../Enterprise/DerivedDataCache/Compressed.ddp not found, will not use a pak cache.
[2019.10.23-16.22.37:336][  0]LogDerivedDataCache: Unable to find inner node EnterprisePak for hierarchical cache Hierarchy.
[2019.10.23-16.22.37:337][  0]LogDerivedDataCache: Using Local data cache path C:/Users/Fabrizio/AppData/Local/UnrealEngine/Common/DerivedDataCache: Writable
[2019.10.23-16.22.37:337][  0]LogDerivedDataCache: Shared data cache path not found in *engine.ini, will not use an Shared cache.
[2019.10.23-16.22.37:337][  0]LogDerivedDataCache: Unable to find inner node Shared for hierarchical cache Hierarchy.
[2019.10.23-16.22.37:359][  0]LogMaterial: Verifying Global Shaders for PCD3D_SM5
[2019.10.23-16.22.37:362][  0]LogSlate: Using FreeType 2.6.0
[2019.10.23-16.22.37:363][  0]LogSlate: SlateFontServices - WITH_FREETYPE: 1, WITH_HARFBUZZ: 1
[2019.10.23-16.22.37:421][  0]LogAssetRegistry: FAssetRegistry took 0.0028 seconds to start up
[2019.10.23-16.22.37:702][  0]LogInit: Selected Device Profile: [Windows]
[2019.10.23-16.22.37:864][  0]LogMeshReduction: Using QuadricMeshReduction for automatic static mesh reduction
[2019.10.23-16.22.37:864][  0]LogMeshReduction: Using SimplygonMeshReduction for automatic skeletal mesh reduction
[2019.10.23-16.22.37:864][  0]LogMeshReduction: Using ProxyLODMeshReduction for automatic mesh merging
[2019.10.23-16.22.37:864][  0]LogMeshReduction: No distributed automatic mesh merging module available
[2019.10.23-16.22.37:864][  0]LogMeshMerging: No distributed automatic mesh merging module available
[2019.10.23-16.22.37:874][  0]LogNetVersion: Assignment 1.0.0, NetCL: 8386587, EngineNetVer: 11, GameNetVer: 0 (Checksum: 443450266)
[2019.10.23-16.22.38:297][  0]LogPackageLocalizationCache: Processed 12 localized package path(s) for 1 prioritized culture(s) in 0.048287 seconds
[2019.10.23-16.22.38:304][  0]LogUObjectArray: 43444 objects as part of root set at end of initial load.
[2019.10.23-16.22.38:304][  0]LogUObjectAllocator: 7548648 out of 0 bytes used by permanent object pool.
[2019.10.23-16.22.38:304][  0]LogUObjectArray: CloseDisregardForGC: 0/0 objects in disregard for GC pool
[2019.10.23-16.22.39:190][  0]LogTcpMessaging: Initializing TcpMessaging bridge
[2019.10.23-16.22.39:193][  0]LogUdpMessaging: Initializing bridge on interface 0.0.0.0:0 to multicast group 230.0.0.1:6666.
[2019.10.23-16.22.39:249][  0]SourceControl: Source control is disabled
[2019.10.23-16.22.39:249][  0]SourceControl: Source control is disabled
[2019.10.23-16.22.39:250][  0]SourceControl: Source control is disabled
[2019.10.23-16.22.39:251][  0]SourceControl: Source control is disabled
[2019.10.23-16.22.39:259][  0]LogVSAccessor: Display: Unable to create Visual Studio setup instance: 80040154
[2019.10.23-16.22.39:259][  0]LogVSAccessor: Display: Unable to create Visual Studio setup instance: 80040154
[2019.10.23-16.22.39:341][  0]LogAndroidPermission: UAndroidPermissionCallbackProxy::GetInstance
[2019.10.23-16.22.39:434][  0]LogOcInput: OculusInput pre-init called
[2019.10.23-16.22.39:441][  0]LogWindows: Failed to load 'OVRPlugin.dll' (GetLastError=126)
[2019.10.23-16.22.39:441][  0]LogWindows: File 'OVRPlugin.dll' does not exist
[2019.10.23-16.22.39:515][  0]LogEngine: Initializing Engine...
[2019.10.23-16.22.39:516][  0]LogHMD: Failed to initialize OpenVR with code 110
[2019.10.23-16.22.39:517][  0]LogStats: UGameplayTagsManager::InitializeManager -  0.000 s
[2019.10.23-16.22.39:746][  0]LogInit: Initializing FReadOnlyCVARCache
[2019.10.23-16.22.39:763][  0]LogAIModule: Creating AISystem for world Untitled
[2019.10.23-16.22.39:775][  0]LogInit: XAudio2 using 'Altoparlanti (Realtek High Definition Audio)' : 2 channels at 48 kHz using 32 bits per sample (channel mask 0x3)
[2019.10.23-16.22.39:909][  0]LogInit: FAudioDevice initialized.
[2019.10.23-16.22.39:910][  0]LogNetVersion: Set ProjectVersion to 1.0.0.0. Version Checksum will be recalculated on next use.
[2019.10.23-16.22.39:985][  0]LogDerivedDataCache: Saved boot cache 0.08s 73MB C:/Users/Fabrizio/AppData/Local/UnrealEngine/4.23/DerivedDataCache/Boot.ddc.
[2019.10.23-16.22.39:994][  0]LogInit: Texture streaming: Enabled
[2019.10.23-16.22.40:016][  0]LogEngineSessionManager: EngineSessionManager initialized
[2019.10.23-16.22.40:016][  0]LogEditorSessionSummary: Verbose: Initializing EditorSessionSummaryWriter for editor session tracking
[2019.10.23-16.22.40:017][  0]LogEditorSessionSummary: EditorSessionSummaryWriter initialized
[2019.10.23-16.22.40:084][  0]LogInit: Transaction tracking system initialized
[2019.10.23-16.22.40:123][  0]BlueprintLog: New page: Editor Load
[2019.10.23-16.22.40:221][  0]LocalizationService: Localization service is disabled
[2019.10.23-16.22.40:299][  0]LogVSAccessor: Display: Unable to create Visual Studio setup instance: 80040154
[2019.10.23-16.22.40:300][  0]LogVSAccessor: Display: Unable to create Visual Studio setup instance: 80040154
[2019.10.23-16.22.40:482][  0]LogFileCache: Scanning file cache for directory 'C:/Users/Fabrizio/Documents/Unreal Projects/Assignment/Content/' took 0.00s
[2019.10.23-16.22.40:482][  0]LogCook: Display: Max memory allowance for cook 16384mb min free memory 0mb
[2019.10.23-16.22.40:482][  0]LogCook: Display: Mobile HDR setting 1
[2019.10.23-16.22.40:696][  0]SourceControl: Source control is disabled
[2019.10.23-16.22.40:696][  0]Cmd: MAP LOAD FILE="../../../Engine/Content/Maps/Templates/Template_Default.umap" TEMPLATE=1 SHOWPROGRESS=1 FEATURELEVEL=3
[2019.10.23-16.22.40:697][  0]LightingResults: New page: Lighting Build
[2019.10.23-16.22.40:701][  0]LogWorld: UWorld::CleanupWorld for Untitled, bSessionEnded=true, bCleanupResources=true
[2019.10.23-16.22.40:701][  0]MapCheck: New page: Map Check
[2019.10.23-16.22.40:701][  0]LightingResults: New page: Lighting Build
[2019.10.23-16.22.40:725][  0]LogUObjectHash: Compacting FUObjectHashTables data took   1.92ms
[2019.10.23-16.22.40:806][  0]LogAIModule: Creating AISystem for world Untitled_1
[2019.10.23-16.22.40:811][  0]LogEditorServer: Finished looking for orphan Actors (0.000 secs)
[2019.10.23-16.22.40:838][  0]LogUObjectHash: Compacting FUObjectHashTables data took   2.47ms
[2019.10.23-16.22.40:838][  0]Cmd: MAP CHECKDEP NOCLEARLOG
[2019.10.23-16.22.40:838][  0]MapCheck: Map check complete: 0 Error(s), 0 Warning(s), took 0,178ms to complete.
[2019.10.23-16.22.40:838][  0]LogFileHelpers: Loading map 'Template_Default' took 0.142
[2019.10.23-16.22.40:940][  0]LogSlate: Updating window title bar state: overlay mode, drag disabled, window buttons hidden, title bar hidden
[2019.10.23-16.22.40:947][  0]LogSlate: Updating window title bar state: overlay mode, drag disabled, window buttons hidden, title bar hidden
[2019.10.23-16.22.40:955][  0]LogSlate: Updating window title bar state: overlay mode, drag disabled, window buttons hidden, title bar hidden
[2019.10.23-16.22.40:962][  0]LogSlate: Updating window title bar state: overlay mode, drag disabled, window buttons hidden, title bar hidden
[2019.10.23-16.22.40:970][  0]LogCollectionManager: Loaded 0 collections in 0.002449 seconds
[2019.10.23-16.22.40:976][  0]LogFileCache: Scanning file cache for directory 'C:/Users/Fabrizio/Documents/Unreal Projects/Assignment/Saved/Collections/' took 0.00s
[2019.10.23-16.22.40:976][  0]LogFileCache: Scanning file cache for directory 'C:/Users/Fabrizio/Documents/Unreal Projects/Assignment/Content/Developers/Fabrizio/Collections/' took 0.00s
[2019.10.23-16.22.40:976][  0]LogFileCache: Scanning file cache for directory 'C:/Users/Fabrizio/Documents/Unreal Projects/Assignment/Content/Collections/' took 0.00s
[2019.10.23-16.22.40:976][  0]LogCollectionManager: Rebuilt the GUID cache for 0 collections in 0.000002 seconds
[2019.10.23-16.22.40:984][  0]LogContentBrowser: Native class hierarchy populated in 0.0083 seconds. Added 2863 classes and 680 folders.
[2019.10.23-16.22.40:992][  0]LogContentBrowser: Native class hierarchy updated for 'WidgetCarousel' in 0.0002 seconds. Added 0 classes and 0 folders.
[2019.10.23-16.22.41:036][  0]LogContentBrowser: Native class hierarchy updated for 'AddContentDialog' in 0.0002 seconds. Added 0 classes and 0 folders.
[2019.10.23-16.22.41:042][  0]LogContentBrowser: Native class hierarchy updated for 'SceneOutliner' in 0.0003 seconds. Added 1 classes and 2 folders.
[2019.10.23-16.22.41:063][  0]LogSlate: Took 0.000185 seconds to synchronously load lazily loaded font '../../../Engine/Content/Slate/Fonts/Roboto-Regular.ttf' (155K)
[2019.10.23-16.22.41:065][  0]LogSlate: Took 0.000174 seconds to synchronously load lazily loaded font '../../../Engine/Content/Slate/Fonts/Roboto-Bold.ttf' (160K)
[2019.10.23-16.22.41:070][  0]LogSlate: Took 0.000210 seconds to synchronously load lazily loaded font '../../../Engine/Content/Editor/Slate/Fonts/FontAwesome.ttf' (139K)
[2019.10.23-16.22.41:150][  0]LogRenderer: Reallocating scene render targets to support 964x436 Format 10 NumSamples 1 (Frame:1).
[2019.10.23-16.22.41:291][  0]LogContentBrowser: Native class hierarchy updated for 'HierarchicalLODOutliner' in 0.0005 seconds. Added 0 classes and 0 folders.
[2019.10.23-16.22.41:291][  0]LogLoad: (Engine Initialization) Total time: 7.09 seconds
[2019.10.23-16.22.41:291][  0]LogLoad: (Engine Initialization) Total Blueprint compile time: 0.00 seconds
[2019.10.23-16.22.41:346][  0]LogAssetRegistry: Asset discovery search completed in 3.9258 seconds
[2019.10.23-16.22.41:351][  0]LogCollectionManager: Rebuilt the object cache for 0 collections in 0.000005 seconds (found 0 objects)
[2019.10.23-16.22.41:351][  0]LogCollectionManager: Fixed up redirectors for 0 collections in 0.000094 seconds (updated 0 objects)
[2019.10.23-16.22.41:352][  0]LogContentStreaming: Texture pool size now 1000 MB
[2019.10.23-16.22.41:373][  0]LogSlate: Took 0.000340 seconds to synchronously load lazily loaded font '../../../Engine/Content/Slate/Fonts/Roboto-Light.ttf' (167K)
[2019.10.23-16.22.45:457][113]LogSlate: FSceneViewport::OnFocusLost() reason 0
[2019.10.23-16.22.46:805][132]LogSlate: Took 0.000164 seconds to synchronously load lazily loaded font '../../../Engine/Content/Slate/Fonts/Roboto-Light.ttf' (167K)
[2019.10.23-16.22.46:828][132]LogAssetEditorManager: Opening Asset editor for Blueprint /Game/Sphere_Blueprint.Sphere_Blueprint
[2019.10.23-16.22.47:259][132]LogContentBrowser: Native class hierarchy updated for 'BlueprintGraph' in 0.0006 seconds. Added 121 classes and 0 folders.
[2019.10.23-16.22.48:214][132]LogSlate: Took 0.006127 seconds to synchronously load lazily loaded font '../../../Engine/Content/Slate/Fonts/Roboto-BoldCondensed.ttf' (158K)
[2019.10.23-16.22.48:283][133]LogSlate: Took 0.004462 seconds to synchronously load lazily loaded font '../../../Engine/Content/Slate/Fonts/Roboto-Italic.ttf' (157K)
[2019.10.23-16.23.41:314][913]LogEditorSessionSummary: EditorSessionSummary sent report. Type=Shutdown, SessionId={1CE6504F-493A-1674-EFBB-4DA062D94EC6}
[2019.10.23-16.23.41:315][913]LogEditorSessionSummary: EditorSessionSummary sent report. Type=Shutdown, SessionId={D7E29B6E-4565-E283-A67A-DEBD75409F19}
[2019.10.23-16.23.41:315][913]LogEditorSessionSummary: EditorSessionSummary sent report. Type=Shutdown, SessionId={16D72083-42CA-4D28-CCC3-BF87779FCDE5}
[2019.10.23-16.25.45:908][776]LogTemp: Repeating last play command: Selected Viewport
[2019.10.23-16.25.45:928][776]LogBlueprintUserMessages: Early PlayInEditor Detection: Level '/Temp/Untitled_1.Untitled_1:PersistentLevel' has LevelScriptBlueprint '/Temp/Untitled_1.Untitled_1:PersistentLevel.Untitled' with GeneratedClass '/Temp/Untitled_1.Untitled_C' with ClassGeneratedBy '/Temp/Untitled_1.Untitled_1:PersistentLevel.Untitled'
[2019.10.23-16.25.45:928][776]LogPlayLevel: PlayLevel: No blueprints needed recompiling
[2019.10.23-16.25.45:928][776]PIE: New page: PIE session: Untitled_1 (23/ott/2019 20:25:45)
[2019.10.23-16.25.45:929][776]LogOnline: OSS: Creating online subsystem instance for: NULL
[2019.10.23-16.25.45:930][776]LogPlayLevel: Creating play world package: /Temp/UEDPIE_0_Untitled_1
[2019.10.23-16.25.45:933][776]LogPlayLevel: PIE: StaticDuplicateObject took: (0.002804s)
[2019.10.23-16.25.45:934][776]LogAIModule: Creating AISystem for world Untitled_1
[2019.10.23-16.25.45:934][776]LogPlayLevel: PIE: World Init took: (0.000995s)
[2019.10.23-16.25.45:934][776]LogPlayLevel: PIE: Created PIE world by copying editor world from /Temp/Untitled_1.Untitled_1 to /Temp/UEDPIE_0_Untitled_1.Untitled_1 (0.004044s)
[2019.10.23-16.25.46:025][776]LogUObjectHash: Compacting FUObjectHashTables data took   3.96ms
[2019.10.23-16.25.46:031][776]LogInit: XAudio2 using 'Altoparlanti (Realtek High Definition Audio)' : 2 channels at 48 kHz using 32 bits per sample (channel mask 0x3)
[2019.10.23-16.25.46:050][776]LogInit: FAudioDevice initialized.
[2019.10.23-16.25.46:088][776]LogLoad: Game class is 'GameModeBase'
[2019.10.23-16.25.46:089][776]LogWorld: Bringing World /Temp/UEDPIE_0_Untitled_1.Untitled_1 up for play (max tick rate 60) at 2019.10.23-18.25.46
[2019.10.23-16.25.46:090][776]LogWorld: Bringing up level for play took: 0.000717
[2019.10.23-16.25.46:090][776]LogOnline: OSS: Creating online subsystem instance for: :Context_3
[2019.10.23-16.25.46:099][776]LogContentBrowser: Native class hierarchy updated for 'MovieSceneCapture' in 0.0003 seconds. Added 20 classes and 0 folders.
[2019.10.23-16.25.46:100][776]PIE: Play in editor start time for /Temp/UEDPIE_0_Untitled_1 -0,507
[2019.10.23-16.25.46:100][776]LogBlueprintUserMessages: Late PlayInEditor Detection: Level '/Temp/Untitled_1.Untitled_1:PersistentLevel' has LevelScriptBlueprint '/Temp/Untitled_1.Untitled_1:PersistentLevel.Untitled' with GeneratedClass '/Temp/Untitled_1.Untitled_C' with ClassGeneratedBy '/Temp/Untitled_1.Untitled_1:PersistentLevel.Untitled'
[2019.10.23-16.25.56:957][916]LogBlueprintUserMessages: Early EndPlayMap Detection: Level '/Temp/Untitled_1.Untitled_1:PersistentLevel' has LevelScriptBlueprint '/Temp/Untitled_1.Untitled_1:PersistentLevel.Untitled' with GeneratedClass '/Temp/Untitled_1.Untitled_C' with ClassGeneratedBy '/Temp/Untitled_1.Untitled_1:PersistentLevel.Untitled'
[2019.10.23-16.25.56:958][916]LogSlate: Updating window title bar state: overlay mode, drag disabled, window buttons hidden, title bar hidden
[2019.10.23-16.25.56:958][916]LogWorld: BeginTearingDown for /Temp/UEDPIE_0_Untitled_1
[2019.10.23-16.25.56:958][916]LogWorld: UWorld::CleanupWorld for Untitled_1, bSessionEnded=true, bCleanupResources=true
[2019.10.23-16.25.57:162][916]LogPlayLevel: Display: Shutting down PIE online subsystems
[2019.10.23-16.25.57:162][916]LogBlueprintUserMessages: Late EndPlayMap Detection: Level '/Temp/Untitled_1.Untitled_1:PersistentLevel' has LevelScriptBlueprint '/Temp/Untitled_1.Untitled_1:PersistentLevel.Untitled' with GeneratedClass '/Temp/Untitled_1.Untitled_C' with ClassGeneratedBy '/Temp/Untitled_1.Untitled_1:PersistentLevel.Untitled'
[2019.10.23-16.25.57:201][916]LogSlate: Updating window title bar state: overlay mode, drag disabled, window buttons hidden, title bar hidden
[2019.10.23-16.25.57:227][916]LogUObjectHash: Compacting FUObjectHashTables data took   4.43ms
[2019.10.23-16.25.57:243][917]LogPlayLevel: Display: Destroying online subsystem :Context_3
[2019.10.23-16.26.06:248][ 48]LogSlate: Window 'Sphere_Blueprint' being destroyed
[2019.10.23-16.26.44:212][198]LogSlate: FSceneViewport::OnFocusLost() reason 0
[2019.10.23-16.26.44:348][200]LogTemp: Repeating last play command: Selected Viewport
[2019.10.23-16.26.44:365][200]LogBlueprintUserMessages: Early PlayInEditor Detection: Level '/Temp/Untitled_1.Untitled_1:PersistentLevel' has LevelScriptBlueprint '/Temp/Untitled_1.Untitled_1:PersistentLevel.Untitled' with GeneratedClass '/Temp/Untitled_1.Untitled_C' with ClassGeneratedBy '/Temp/Untitled_1.Untitled_1:PersistentLevel.Untitled'
[2019.10.23-16.26.44:365][200]LogPlayLevel: PlayLevel: No blueprints needed recompiling
[2019.10.23-16.26.44:365][200]PIE: New page: PIE session: Untitled_1 (23/ott/2019 20:26:44)
[2019.10.23-16.26.44:365][200]LogPlayLevel: Creating play world package: /Temp/UEDPIE_0_Untitled_1
[2019.10.23-16.26.44:368][200]LogPlayLevel: PIE: StaticDuplicateObject took: (0.002297s)
[2019.10.23-16.26.44:369][200]LogAIModule: Creating AISystem for world Untitled_1
[2019.10.23-16.26.44:369][200]LogPlayLevel: PIE: World Init took: (0.001368s)
[2019.10.23-16.26.44:369][200]LogPlayLevel: PIE: Created PIE world by copying editor world from /Temp/Untitled_1.Untitled_1 to /Temp/UEDPIE_0_Untitled_1.Untitled_1 (0.003774s)
[2019.10.23-16.26.44:429][200]LogUObjectHash: Compacting FUObjectHashTables data took   4.78ms
[2019.10.23-16.26.44:434][200]LogInit: XAudio2 using 'Altoparlanti (Realtek High Definition Audio)' : 2 channels at 48 kHz using 32 bits per sample (channel mask 0x3)
[2019.10.23-16.26.44:452][200]LogInit: FAudioDevice initialized.
[2019.10.23-16.26.44:460][200]LogLoad: Game class is 'GameModeBase'
[2019.10.23-16.26.44:462][200]LogWorld: Bringing World /Temp/UEDPIE_0_Untitled_1.Untitled_1 up for play (max tick rate 60) at 2019.10.23-18.26.44
[2019.10.23-16.26.44:462][200]LogWorld: Bringing up level for play took: 0.000541
[2019.10.23-16.26.44:462][200]LogOnline: OSS: Creating online subsystem instance for: :Context_6
[2019.10.23-16.26.44:464][200]PIE: Play in editor start time for /Temp/UEDPIE_0_Untitled_1 -0,144
[2019.10.23-16.26.44:464][200]LogBlueprintUserMessages: Late PlayInEditor Detection: Level '/Temp/Untitled_1.Untitled_1:PersistentLevel' has LevelScriptBlueprint '/Temp/Untitled_1.Untitled_1:PersistentLevel.Untitled' with GeneratedClass '/Temp/Untitled_1.Untitled_C' with ClassGeneratedBy '/Temp/Untitled_1.Untitled_1:PersistentLevel.Untitled'
[2019.10.23-16.26.56:771][496]LogBlueprintUserMessages: Early EndPlayMap Detection: Level '/Temp/Untitled_1.Untitled_1:PersistentLevel' has LevelScriptBlueprint '/Temp/Untitled_1.Untitled_1:PersistentLevel.Untitled' with GeneratedClass '/Temp/Untitled_1.Untitled_C' with ClassGeneratedBy '/Temp/Untitled_1.Untitled_1:PersistentLevel.Untitled'
[2019.10.23-16.26.56:771][496]LogSlate: Updating window title bar state: overlay mode, drag disabled, window buttons hidden, title bar hidden
[2019.10.23-16.26.56:771][496]LogWorld: BeginTearingDown for /Temp/UEDPIE_0_Untitled_1
[2019.10.23-16.26.56:772][496]LogWorld: UWorld::CleanupWorld for Untitled_1, bSessionEnded=true, bCleanupResources=true
[2019.10.23-16.26.56:912][496]LogPlayLevel: Display: Shutting down PIE online subsystems
[2019.10.23-16.26.56:912][496]LogBlueprintUserMessages: Late EndPlayMap Detection: Level '/Temp/Untitled_1.Untitled_1:PersistentLevel' has LevelScriptBlueprint '/Temp/Untitled_1.Untitled_1:PersistentLevel.Untitled' with GeneratedClass '/Temp/Untitled_1.Untitled_C' with ClassGeneratedBy '/Temp/Untitled_1.Untitled_1:PersistentLevel.Untitled'
[2019.10.23-16.26.56:955][496]LogSlate: Updating window title bar state: overlay mode, drag disabled, window buttons hidden, title bar hidden
[2019.10.23-16.26.56:960][496]LogUObjectHash: Compacting FUObjectHashTables data took   3.86ms
[2019.10.23-16.26.56:987][497]LogPlayLevel: Display: Destroying online subsystem :Context_6
[2019.10.23-16.26.59:284][609]LogTemp: Repeating last play command: Selected Viewport
[2019.10.23-16.26.59:298][609]LogBlueprintUserMessages: Early PlayInEditor Detection: Level '/Temp/Untitled_1.Untitled_1:PersistentLevel' has LevelScriptBlueprint '/Temp/Untitled_1.Untitled_1:PersistentLevel.Untitled' with GeneratedClass '/Temp/Untitled_1.Untitled_C' with ClassGeneratedBy '/Temp/Untitled_1.Untitled_1:PersistentLevel.Untitled'
[2019.10.23-16.26.59:298][609]LogPlayLevel: PlayLevel: No blueprints needed recompiling
[2019.10.23-16.26.59:298][609]PIE: New page: PIE session: Untitled_1 (23/ott/2019 20:26:59)
[2019.10.23-16.26.59:298][609]LogPlayLevel: Creating play world package: /Temp/UEDPIE_0_Untitled_1
[2019.10.23-16.26.59:300][609]LogPlayLevel: PIE: StaticDuplicateObject took: (0.002320s)
[2019.10.23-16.26.59:301][609]LogAIModule: Creating AISystem for world Untitled_1
[2019.10.23-16.26.59:302][609]LogPlayLevel: PIE: World Init took: (0.001087s)
[2019.10.23-16.26.59:302][609]LogPlayLevel: PIE: Created PIE world by copying editor world from /Temp/Untitled_1.Untitled_1 to /Temp/UEDPIE_0_Untitled_1.Untitled_1 (0.003548s)
[2019.10.23-16.26.59:337][609]LogUObjectHash: Compacting FUObjectHashTables data took   3.41ms
[2019.10.23-16.26.59:339][609]LogInit: XAudio2 using 'Altoparlanti (Realtek High Definition Audio)' : 2 channels at 48 kHz using 32 bits per sample (channel mask 0x3)
[2019.10.23-16.26.59:354][609]LogInit: FAudioDevice initialized.
[2019.10.23-16.26.59:366][609]LogSlate: Updating window title bar state: overlay mode, drag disabled, window buttons hidden, title bar hidden
[2019.10.23-16.26.59:366][609]LogLoad: Game class is 'GameModeBase'
[2019.10.23-16.26.59:367][609]LogWorld: Bringing World /Temp/UEDPIE_0_Untitled_1.Untitled_1 up for play (max tick rate 60) at 2019.10.23-18.26.59
[2019.10.23-16.26.59:368][609]LogWorld: Bringing up level for play took: 0.000731
[2019.10.23-16.26.59:368][609]LogOnline: OSS: Creating online subsystem instance for: :Context_7
[2019.10.23-16.26.59:371][609]PIE: Play in editor start time for /Temp/UEDPIE_0_Untitled_1 0,763
[2019.10.23-16.26.59:372][609]LogBlueprintUserMessages: Late PlayInEditor Detection: Level '/Temp/Untitled_1.Untitled_1:PersistentLevel' has LevelScriptBlueprint '/Temp/Untitled_1.Untitled_1:PersistentLevel.Untitled' with GeneratedClass '/Temp/Untitled_1.Untitled_C' with ClassGeneratedBy '/Temp/Untitled_1.Untitled_1:PersistentLevel.Untitled'
[2019.10.23-16.26.59:459][610]LogRenderer: Reallocating scene render targets to support 1280x716 Format 10 NumSamples 1 (Frame:1).
[2019.10.23-16.27.11:477][791]LogBlueprintUserMessages: Early EndPlayMap Detection: Level '/Temp/Untitled_1.Untitled_1:PersistentLevel' has LevelScriptBlueprint '/Temp/Untitled_1.Untitled_1:PersistentLevel.Untitled' with GeneratedClass '/Temp/Untitled_1.Untitled_C' with ClassGeneratedBy '/Temp/Untitled_1.Untitled_1:PersistentLevel.Untitled'
[2019.10.23-16.27.11:478][791]LogSlate: Updating window title bar state: overlay mode, drag disabled, window buttons hidden, title bar hidden
[2019.10.23-16.27.11:478][791]LogWorld: BeginTearingDown for /Temp/UEDPIE_0_Untitled_1
[2019.10.23-16.27.11:497][791]LogSlate: Window 'Assignment Game Preview Standalone (64-bit/PCD3D_SM5)' being destroyed
[2019.10.23-16.27.11:612][791]LogWorld: UWorld::CleanupWorld for Untitled_1, bSessionEnded=true, bCleanupResources=true
[2019.10.23-16.27.11:640][791]LogPlayLevel: Display: Shutting down PIE online subsystems
[2019.10.23-16.27.11:640][791]LogBlueprintUserMessages: Late EndPlayMap Detection: Level '/Temp/Untitled_1.Untitled_1:PersistentLevel' has LevelScriptBlueprint '/Temp/Untitled_1.Untitled_1:PersistentLevel.Untitled' with GeneratedClass '/Temp/Untitled_1.Untitled_C' with ClassGeneratedBy '/Temp/Untitled_1.Untitled_1:PersistentLevel.Untitled'
[2019.10.23-16.27.11:690][791]LogUObjectHash: Compacting FUObjectHashTables data took   6.66ms
[2019.10.23-16.27.11:723][792]LogPlayLevel: Display: Destroying online subsystem :Context_7
[2019.10.23-16.27.28:178][231]LogTemp: Repeating last play command: Selected Viewport
[2019.10.23-16.27.28:191][231]LogBlueprintUserMessages: Early PlayInEditor Detection: Level '/Temp/Untitled_1.Untitled_1:PersistentLevel' has LevelScriptBlueprint '/Temp/Untitled_1.Untitled_1:PersistentLevel.Untitled' with GeneratedClass '/Temp/Untitled_1.Untitled_C' with ClassGeneratedBy '/Temp/Untitled_1.Untitled_1:PersistentLevel.Untitled'
[2019.10.23-16.27.28:191][231]BlueprintLog: New page: Pre-Play auto-recompile
[2019.10.23-16.27.28:192][231]LogPlayLevel: [PlayLevel] Compiling Sphere_Blueprint before play...
[2019.10.23-16.27.28:421][231]LogUObjectHash: Compacting FUObjectHashTables data took   5.11ms
[2019.10.23-16.27.28:421][231]LogPlayLevel: PlayLevel: Blueprint regeneration took 229 ms (1 blueprints)
[2019.10.23-16.27.28:421][231]PIE: New page: PIE session: Untitled_1 (23/ott/2019 20:27:28)
[2019.10.23-16.27.28:421][231]LogPlayLevel: Creating play world package: /Temp/UEDPIE_0_Untitled_1
[2019.10.23-16.27.28:424][231]LogPlayLevel: PIE: StaticDuplicateObject took: (0.002389s)
[2019.10.23-16.27.28:424][231]LogAIModule: Creating AISystem for world Untitled_1
[2019.10.23-16.27.28:425][231]LogPlayLevel: PIE: World Init took: (0.001009s)
[2019.10.23-16.27.28:425][231]LogPlayLevel: PIE: Created PIE world by copying editor world from /Temp/Untitled_1.Untitled_1 to /Temp/UEDPIE_0_Untitled_1.Untitled_1 (0.003514s)
[2019.10.23-16.27.28:461][231]LogUObjectHash: Compacting FUObjectHashTables data took   3.22ms
[2019.10.23-16.27.28:464][231]LogInit: XAudio2 using 'Altoparlanti (Realtek High Definition Audio)' : 2 channels at 48 kHz using 32 bits per sample (channel mask 0x3)
[2019.10.23-16.27.28:479][231]LogInit: FAudioDevice initialized.
[2019.10.23-16.27.28:490][231]LogSlate: Updating window title bar state: overlay mode, drag disabled, window buttons hidden, title bar hidden
[2019.10.23-16.27.28:490][231]LogLoad: Game class is 'GameModeBase'
[2019.10.23-16.27.28:492][231]LogWorld: Bringing World /Temp/UEDPIE_0_Untitled_1.Untitled_1 up for play (max tick rate 60) at 2019.10.23-18.27.28
[2019.10.23-16.27.28:492][231]LogWorld: Bringing up level for play took: 0.000740
[2019.10.23-16.27.28:492][231]LogOnline: OSS: Creating online subsystem instance for: :Context_8
[2019.10.23-16.27.28:495][231]PIE: Play in editor start time for /Temp/UEDPIE_0_Untitled_1 -0,113
[2019.10.23-16.27.28:495][231]LogBlueprintUserMessages: Late PlayInEditor Detection: Level '/Temp/Untitled_1.Untitled_1:PersistentLevel' has LevelScriptBlueprint '/Temp/Untitled_1.Untitled_1:PersistentLevel.Untitled' with GeneratedClass '/Temp/Untitled_1.Untitled_C' with ClassGeneratedBy '/Temp/Untitled_1.Untitled_1:PersistentLevel.Untitled'
[2019.10.23-16.27.55:719][640]LogBlueprintUserMessages: Early EndPlayMap Detection: Level '/Temp/Untitled_1.Untitled_1:PersistentLevel' has LevelScriptBlueprint '/Temp/Untitled_1.Untitled_1:PersistentLevel.Untitled' with GeneratedClass '/Temp/Untitled_1.Untitled_C' with ClassGeneratedBy '/Temp/Untitled_1.Untitled_1:PersistentLevel.Untitled'
[2019.10.23-16.27.55:719][640]LogSlate: Updating window title bar state: overlay mode, drag disabled, window buttons hidden, title bar hidden
[2019.10.23-16.27.55:719][640]LogWorld: BeginTearingDown for /Temp/UEDPIE_0_Untitled_1
[2019.10.23-16.27.55:734][640]LogSlate: Window 'Assignment Game Preview Standalone (64-bit/PCD3D_SM5)' being destroyed
[2019.10.23-16.27.55:779][640]LogWorld: UWorld::CleanupWorld for Untitled_1, bSessionEnded=true, bCleanupResources=true
[2019.10.23-16.27.55:806][640]LogPlayLevel: Display: Shutting down PIE online subsystems
[2019.10.23-16.27.55:806][640]LogBlueprintUserMessages: Late EndPlayMap Detection: Level '/Temp/Untitled_1.Untitled_1:PersistentLevel' has LevelScriptBlueprint '/Temp/Untitled_1.Untitled_1:PersistentLevel.Untitled' with GeneratedClass '/Temp/Untitled_1.Untitled_C' with ClassGeneratedBy '/Temp/Untitled_1.Untitled_1:PersistentLevel.Untitled'
[2019.10.23-16.27.55:865][640]LogUObjectHash: Compacting FUObjectHashTables data took   4.11ms
[2019.10.23-16.27.55:894][641]LogPlayLevel: Display: Destroying online subsystem :Context_8
[2019.10.23-16.30.25:587][ 13]LogSlate: Window 'Color Picker' being destroyed
[2019.10.23-16.30.28:016][104]LogTemp: Repeating last play command: Selected Viewport
[2019.10.23-16.30.28:029][104]LogBlueprintUserMessages: Early PlayInEditor Detection: Level '/Temp/Untitled_1.Untitled_1:PersistentLevel' has LevelScriptBlueprint '/Temp/Untitled_1.Untitled_1:PersistentLevel.Untitled' with GeneratedClass '/Temp/Untitled_1.Untitled_C' with ClassGeneratedBy '/Temp/Untitled_1.Untitled_1:PersistentLevel.Untitled'
[2019.10.23-16.30.28:029][104]BlueprintLog: New page: Pre-Play auto-recompile
[2019.10.23-16.30.28:030][104]LogPlayLevel: [PlayLevel] Compiling Sphere_Blueprint before play...
[2019.10.23-16.30.28:263][104]LogUObjectHash: Compacting FUObjectHashTables data took   4.92ms
[2019.10.23-16.30.28:263][104]LogPlayLevel: PlayLevel: Blueprint regeneration took 233 ms (1 blueprints)
[2019.10.23-16.30.28:263][104]PIE: New page: PIE session: Untitled_1 (23/ott/2019 20:30:28)
[2019.10.23-16.30.28:265][104]LogPlayLevel: Creating play world package: /Temp/UEDPIE_0_Untitled_1
[2019.10.23-16.30.28:267][104]LogPlayLevel: PIE: StaticDuplicateObject took: (0.002423s)
[2019.10.23-16.30.28:268][104]LogAIModule: Creating AISystem for world Untitled_1
[2019.10.23-16.30.28:269][104]LogPlayLevel: PIE: World Init took: (0.001140s)
[2019.10.23-16.30.28:269][104]LogPlayLevel: PIE: Created PIE world by copying editor world from /Temp/Untitled_1.Untitled_1 to /Temp/UEDPIE_0_Untitled_1.Untitled_1 (0.003740s)
[2019.10.23-16.30.28:303][104]LogUObjectHash: Compacting FUObjectHashTables data took   3.26ms
[2019.10.23-16.30.28:307][104]LogInit: XAudio2 using 'Altoparlanti (Realtek High Definition Audio)' : 2 channels at 48 kHz using 32 bits per sample (channel mask 0x3)
[2019.10.23-16.30.28:323][104]LogInit: FAudioDevice initialized.
[2019.10.23-16.30.28:335][104]LogSlate: Updating window title bar state: overlay mode, drag disabled, window buttons hidden, title bar hidden
[2019.10.23-16.30.28:335][104]LogLoad: Game class is 'GameModeBase'
[2019.10.23-16.30.28:336][104]LogWorld: Bringing World /Temp/UEDPIE_0_Untitled_1.Untitled_1 up for play (max tick rate 60) at 2019.10.23-18.30.28
[2019.10.23-16.30.28:336][104]LogWorld: Bringing up level for play took: 0.000793
[2019.10.23-16.30.28:337][104]LogOnline: OSS: Creating online subsystem instance for: :Context_9
[2019.10.23-16.30.28:339][104]PIE: Play in editor start time for /Temp/UEDPIE_0_Untitled_1 -0,268
[2019.10.23-16.30.28:340][104]LogBlueprintUserMessages: Late PlayInEditor Detection: Level '/Temp/Untitled_1.Untitled_1:PersistentLevel' has LevelScriptBlueprint '/Temp/Untitled_1.Untitled_1:PersistentLevel.Untitled' with GeneratedClass '/Temp/Untitled_1.Untitled_C' with ClassGeneratedBy '/Temp/Untitled_1.Untitled_1:PersistentLevel.Untitled'
[2019.10.23-16.30.40:292][283]LogBlueprintUserMessages: Early EndPlayMap Detection: Level '/Temp/Untitled_1.Untitled_1:PersistentLevel' has LevelScriptBlueprint '/Temp/Untitled_1.Untitled_1:PersistentLevel.Untitled' with GeneratedClass '/Temp/Untitled_1.Untitled_C' with ClassGeneratedBy '/Temp/Untitled_1.Untitled_1:PersistentLevel.Untitled'
[2019.10.23-16.30.40:292][283]LogSlate: Updating window title bar state: overlay mode, drag disabled, window buttons hidden, title bar hidden
[2019.10.23-16.30.40:292][283]LogWorld: BeginTearingDown for /Temp/UEDPIE_0_Untitled_1
[2019.10.23-16.30.40:308][283]LogSlate: Window 'Assignment Game Preview Standalone (64-bit/PCD3D_SM5)' being destroyed
[2019.10.23-16.30.40:433][283]LogWorld: UWorld::CleanupWorld for Untitled_1, bSessionEnded=true, bCleanupResources=true
[2019.10.23-16.30.40:461][283]LogPlayLevel: Display: Shutting down PIE online subsystems
[2019.10.23-16.30.40:461][283]LogBlueprintUserMessages: Late EndPlayMap Detection: Level '/Temp/Untitled_1.Untitled_1:PersistentLevel' has LevelScriptBlueprint '/Temp/Untitled_1.Untitled_1:PersistentLevel.Untitled' with GeneratedClass '/Temp/Untitled_1.Untitled_C' with ClassGeneratedBy '/Temp/Untitled_1.Untitled_1:PersistentLevel.Untitled'
[2019.10.23-16.30.40:516][283]LogUObjectHash: Compacting FUObjectHashTables data took   3.35ms
[2019.10.23-16.30.40:543][284]LogPlayLevel: Display: Destroying online subsystem :Context_9
[2019.10.23-16.31.00:471][ 96]LogTemp: Repeating last play command: Selected Viewport
[2019.10.23-16.31.00:494][ 96]LogBlueprintUserMessages: Early PlayInEditor Detection: Level '/Temp/Untitled_1.Untitled_1:PersistentLevel' has LevelScriptBlueprint '/Temp/Untitled_1.Untitled_1:PersistentLevel.Untitled' with GeneratedClass '/Temp/Untitled_1.Untitled_C' with ClassGeneratedBy '/Temp/Untitled_1.Untitled_1:PersistentLevel.Untitled'
[2019.10.23-16.31.00:494][ 96]LogPlayLevel: PlayLevel: No blueprints needed recompiling
[2019.10.23-16.31.00:494][ 96]PIE: New page: PIE session: Untitled_1 (23/ott/2019 20:31:00)
[2019.10.23-16.31.00:494][ 96]LogPlayLevel: Creating play world package: /Temp/UEDPIE_0_Untitled_1
[2019.10.23-16.31.00:496][ 96]LogPlayLevel: PIE: StaticDuplicateObject took: (0.002312s)
[2019.10.23-16.31.00:497][ 96]LogAIModule: Creating AISystem for world Untitled_1
[2019.10.23-16.31.00:497][ 96]LogPlayLevel: PIE: World Init took: (0.000921s)
[2019.10.23-16.31.00:497][ 96]LogPlayLevel: PIE: Created PIE world by copying editor world from /Temp/Untitled_1.Untitled_1 to /Temp/UEDPIE_0_Untitled_1.Untitled_1 (0.003340s)
[2019.10.23-16.31.00:547][ 96]LogUObjectHash: Compacting FUObjectHashTables data took   6.26ms
[2019.10.23-16.31.00:549][ 96]LogInit: XAudio2 using 'Altoparlanti (Realtek High Definition Audio)' : 2 channels at 48 kHz using 32 bits per sample (channel mask 0x3)
[2019.10.23-16.31.00:564][ 96]LogInit: FAudioDevice initialized.
[2019.10.23-16.31.00:574][ 96]LogLoad: Game class is 'GameModeBase'
[2019.10.23-16.31.00:575][ 96]LogWorld: Bringing World /Temp/UEDPIE_0_Untitled_1.Untitled_1 up for play (max tick rate 60) at 2019.10.23-18.31.00
[2019.10.23-16.31.00:575][ 96]LogWorld: Bringing up level for play took: 0.000540
[2019.10.23-16.31.00:575][ 96]LogOnline: OSS: Creating online subsystem instance for: :Context_10
[2019.10.23-16.31.00:577][ 96]PIE: Play in editor start time for /Temp/UEDPIE_0_Untitled_1 -0,03
[2019.10.23-16.31.00:577][ 96]LogBlueprintUserMessages: Late PlayInEditor Detection: Level '/Temp/Untitled_1.Untitled_1:PersistentLevel' has LevelScriptBlueprint '/Temp/Untitled_1.Untitled_1:PersistentLevel.Untitled' with GeneratedClass '/Temp/Untitled_1.Untitled_C' with ClassGeneratedBy '/Temp/Untitled_1.Untitled_1:PersistentLevel.Untitled'
[2019.10.23-16.31.33:512][ 85]LogBlueprintUserMessages: Early EndPlayMap Detection: Level '/Temp/Untitled_1.Untitled_1:PersistentLevel' has LevelScriptBlueprint '/Temp/Untitled_1.Untitled_1:PersistentLevel.Untitled' with GeneratedClass '/Temp/Untitled_1.Untitled_C' with ClassGeneratedBy '/Temp/Untitled_1.Untitled_1:PersistentLevel.Untitled'
[2019.10.23-16.31.33:512][ 85]LogSlate: Updating window title bar state: overlay mode, drag disabled, window buttons hidden, title bar hidden
[2019.10.23-16.31.33:513][ 85]LogWorld: BeginTearingDown for /Temp/UEDPIE_0_Untitled_1
[2019.10.23-16.31.33:513][ 85]LogWorld: UWorld::CleanupWorld for Untitled_1, bSessionEnded=true, bCleanupResources=true
[2019.10.23-16.31.33:587][ 85]LogPlayLevel: Display: Shutting down PIE online subsystems
[2019.10.23-16.31.33:587][ 85]LogBlueprintUserMessages: Late EndPlayMap Detection: Level '/Temp/Untitled_1.Untitled_1:PersistentLevel' has LevelScriptBlueprint '/Temp/Untitled_1.Untitled_1:PersistentLevel.Untitled' with GeneratedClass '/Temp/Untitled_1.Untitled_C' with ClassGeneratedBy '/Temp/Untitled_1.Untitled_1:PersistentLevel.Untitled'
[2019.10.23-16.31.33:638][ 85]LogSlate: Updating window title bar state: overlay mode, drag disabled, window buttons hidden, title bar hidden
[2019.10.23-16.31.33:644][ 85]LogUObjectHash: Compacting FUObjectHashTables data took   4.86ms
[2019.10.23-16.31.33:663][ 86]LogPlayLevel: Display: Destroying online subsystem :Context_10
[2019.10.23-16.31.36:890][169]LogSlate: FSceneViewport::OnFocusLost() reason 0
[2019.10.23-16.31.47:383][642]LogUObjectHash: Compacting FUObjectHashTables data took   1.10ms
[2019.10.23-16.31.49:653][642]LogSlate: Window 'Save Content' being destroyed
[2019.10.23-16.32.05:206][266]LogD3D11RHI: Timed out while waiting for GPU to catch up. (0.5 s) (ErrorCode 00000001)
[2019.10.23-16.32.05:206][266]LogD3D11RHI: Error: Result failed 
 at D:/Build/++UE4/Sync/Engine/Source/Runtime/Windows/D3D11RHI/Private/D3D11Query.cpp:348 
 with error DXGI_ERROR_DEVICE_REMOVED DXGI_ERROR_DEVICE_HUNG
[2019.10.23-16.32.05:206][266]LogD3D11RHI: [Aftermath] GDynamicRHI=00000142A98A60C0, GDX11NVAfterMathEnabled=0, Result=0xFFFFFFFF, bDeviceActive=0
[2019.10.23-16.32.05:206][266]LogWindows: Windows GetLastError: Operazione completata. (0)
[2019.10.23-16.32.06:554][266]LogThreadingWindows: Error: Runnable thread RenderThread 13 crashed.
[2019.10.23-16.32.06:554][266]LogWindows: Error: === Critical error: ===
[2019.10.23-16.32.06:554][266]LogWindows: Error: 
[2019.10.23-16.32.06:554][266]LogWindows: Error: Fatal error: [File:D:/Build/++UE4/Sync/Engine/Source/Runtime/Windows/D3D11RHI/Private/D3D11Util.cpp] [Line: 198] 
[2019.10.23-16.32.06:554][266]LogWindows: Error: Unreal Engine is exiting due to D3D device being lost. (Error: 0x887A0006 - 'HUNG')
[2019.10.23-16.32.06:554][266]LogWindows: Error: 
[2019.10.23-16.32.06:554][266]LogWindows: Error: 
[2019.10.23-16.32.06:554][266]LogWindows: Error: Unhandled Exception: 0x00008000
[2019.10.23-16.32.06:554][266]LogWindows: Error: 
[2019.10.23-16.32.06:554][266]LogWindows: Error: [Callstack] 0x00007ff9bdeba839 KERNELBASE.dll!UnknownFunction []
[2019.10.23-16.32.06:554][266]LogWindows: Error: [Callstack] 0x00007ff969b5baa7 UE4Editor-Core.dll!UnknownFunction []
[2019.10.23-16.32.06:554][266]LogWindows: Error: [Callstack] 0x00007ff969b5cbbd UE4Editor-Core.dll!UnknownFunction []
[2019.10.23-16.32.06:554][266]LogWindows: Error: [Callstack] 0x00007ff969951ada UE4Editor-Core.dll!UnknownFunction []
[2019.10.23-16.32.06:554][266]LogWindows: Error: [Callstack] 0x00007ff9698a67a3 UE4Editor-Core.dll!UnknownFunction []
[2019.10.23-16.32.06:554][266]LogWindows: Error: [Callstack] 0x00007ff9698a6688 UE4Editor-Core.dll!UnknownFunction []
[2019.10.23-16.32.06:554][266]LogWindows: Error: [Callstack] 0x00007ff95ae1cfa6 UE4Editor-D3D11RHI.dll!UnknownFunction []
[2019.10.23-16.32.06:554][266]LogWindows: Error: [Callstack] 0x00007ff95ae21600 UE4Editor-D3D11RHI.dll!UnknownFunction []
[2019.10.23-16.32.06:554][266]LogWindows: Error: [Callstack] 0x00007ff95adf8117 UE4Editor-D3D11RHI.dll!UnknownFunction []
[2019.10.23-16.32.06:554][266]LogWindows: Error: [Callstack] 0x00007ff95ae0d31d UE4Editor-D3D11RHI.dll!UnknownFunction []
[2019.10.23-16.32.06:554][266]LogWindows: Error: [Callstack] 0x00007ff975d577b0 UE4Editor-RHI.dll!UnknownFunction []
[2019.10.23-16.32.06:554][266]LogWindows: Error: [Callstack] 0x00007ff975d572aa UE4Editor-RHI.dll!UnknownFunction []
[2019.10.23-16.32.06:554][266]LogWindows: Error: [Callstack] 0x00007ff975d58373 UE4Editor-RHI.dll!UnknownFunction []
[2019.10.23-16.32.06:555][266]LogWindows: Error: [Callstack] 0x00007ff975d4e7ca UE4Editor-RHI.dll!UnknownFunction []
[2019.10.23-16.32.06:555][266]LogWindows: Error: [Callstack] 0x00007ff95ab890d6 UE4Editor-SlateRHIRenderer.dll!UnknownFunction []
[2019.10.23-16.32.06:555][266]LogWindows: Error: [Callstack] 0x00007ff95ab907f2 UE4Editor-SlateRHIRenderer.dll!UnknownFunction []
[2019.10.23-16.32.06:555][266]LogOutputDevice: Warning: 

Script Stack (0 frames):

[2019.10.23-16.32.06:555][266]LogWindows: Error: [Callstack] 0x00007ff969724e4a UE4Editor-Core.dll!UnknownFunction []
[2019.10.23-16.32.06:555][266]LogWindows: Error: [Callstack] 0x00007ff9697251f3 UE4Editor-Core.dll!UnknownFunction []
[2019.10.23-16.32.06:555][266]LogWindows: Error: [Callstack] 0x00007ff975ef0021 UE4Editor-RenderCore.dll!UnknownFunction []
[2019.10.23-16.32.06:555][266]LogWindows: Error: [Callstack] 0x00007ff975ef85b4 UE4Editor-RenderCore.dll!UnknownFunction []
[2019.10.23-16.32.06:555][266]LogWindows: Error: [Callstack] 0x00007ff969b79f5f UE4Editor-Core.dll!UnknownFunction []
[2019.10.23-16.32.06:555][266]LogWindows: Windows GetLastError: Operazione completata. (0)
[2019.10.23-16.32.06:555][266]LogWindows: Error: [Callstack] 0x00007ff969b704b1 UE4Editor-Core.dll!UnknownFunction []
[2019.10.23-16.32.06:555][266]LogWindows: Error: HandleError re-entered.
[2019.10.23-16.32.06:555][266]LogWindows: Error: [Callstack] 0x00007ff9be577bd4 KERNEL32.DLL!UnknownFunction []
[2019.10.23-16.32.06:555][266]LogWindows: FPlatformMisc::RequestExit(1)
[2019.10.23-16.32.06:555][266]LogWindows: Error: [Callstack] 0x00007ff9c03eced1 ntdll.dll!UnknownFunction []
[2019.10.23-16.32.06:555][266]LogWindows: Error: 
[2019.10.23-16.32.06:555][266]LogWindows: Error: Crash in runnable thread RenderThread 13
[2019.10.23-16.32.06:579][266]Log file closed, 10/23/19 18:32:06
